[debug] [2024-10-13T17:44:28.762Z] ----------------------------------------------------------------------
[debug] [2024-10-13T17:44:28.778Z] Command:       C:\Program Files\nodejs\node.exe C:\Users\Dell\AppData\Roaming\npm\node_modules\firebase-tools\lib\bin\firebase.js deploy --only functions
[debug] [2024-10-13T17:44:28.779Z] CLI Version:   13.22.0
[debug] [2024-10-13T17:44:28.779Z] Platform:      win32
[debug] [2024-10-13T17:44:28.779Z] Node Version:  v20.10.0
[debug] [2024-10-13T17:44:28.779Z] Time:          Sun Oct 13 2024 23:14:28 GMT+0530 (India Standard Time)
[debug] [2024-10-13T17:44:28.779Z] ----------------------------------------------------------------------
[debug] 
[debug] [2024-10-13T17:44:28.785Z] >>> [apiv2][query] GET https://firebase-public.firebaseio.com/cli.json [none]
[debug] [2024-10-13T17:44:29.011Z] > command requires scopes: ["email","openid","https://www.googleapis.com/auth/cloudplatformprojects.readonly","https://www.googleapis.com/auth/firebase","https://www.googleapis.com/auth/cloud-platform"]
[debug] [2024-10-13T17:44:29.011Z] > authorizing via signed-in user (jeevankumarkorra2005@gmail.com)
[debug] [2024-10-13T17:44:29.012Z] [iam] checking project warehouse-management-jeevs for permissions ["cloudfunctions.functions.create","cloudfunctions.functions.delete","cloudfunctions.functions.get","cloudfunctions.functions.list","cloudfunctions.functions.update","cloudfunctions.operations.get","firebase.projects.get"]
[debug] [2024-10-13T17:44:29.013Z] Checked if tokens are valid: false, expires at: 1728810104706
[debug] [2024-10-13T17:44:29.013Z] Checked if tokens are valid: false, expires at: 1728810104706
[debug] [2024-10-13T17:44:29.014Z] > refreshing access token with scopes: []
[debug] [2024-10-13T17:44:29.015Z] >>> [apiv2][query] POST https://www.googleapis.com/oauth2/v3/token [none]
[debug] [2024-10-13T17:44:29.015Z] >>> [apiv2][body] POST https://www.googleapis.com/oauth2/v3/token [omitted]
[debug] [2024-10-13T17:44:30.256Z] <<< [apiv2][status] POST https://www.googleapis.com/oauth2/v3/token 200
[debug] [2024-10-13T17:44:30.256Z] <<< [apiv2][body] POST https://www.googleapis.com/oauth2/v3/token [omitted]
[debug] [2024-10-13T17:44:30.266Z] >>> [apiv2][query] POST https://cloudresourcemanager.googleapis.com/v1/projects/warehouse-management-jeevs:testIamPermissions [none]
[debug] [2024-10-13T17:44:30.266Z] >>> [apiv2][(partial)header] POST https://cloudresourcemanager.googleapis.com/v1/projects/warehouse-management-jeevs:testIamPermissions x-goog-quota-user=projects/warehouse-management-jeevs
[debug] [2024-10-13T17:44:30.267Z] >>> [apiv2][body] POST https://cloudresourcemanager.googleapis.com/v1/projects/warehouse-management-jeevs:testIamPermissions {"permissions":["cloudfunctions.functions.create","cloudfunctions.functions.delete","cloudfunctions.functions.get","cloudfunctions.functions.list","cloudfunctions.functions.update","cloudfunctions.operations.get","firebase.projects.get"]}
[debug] [2024-10-13T17:44:30.614Z] <<< [apiv2][status] GET https://firebase-public.firebaseio.com/cli.json 200
[debug] [2024-10-13T17:44:30.614Z] <<< [apiv2][body] GET https://firebase-public.firebaseio.com/cli.json {"cloudBuildErrorAfter":1594252800000,"cloudBuildWarnAfter":1590019200000,"defaultNode10After":1594252800000,"minVersion":"3.0.5","node8DeploysDisabledAfter":1613390400000,"node8RuntimeDisabledAfter":1615809600000,"node8WarnAfter":1600128000000}
[debug] [2024-10-13T17:44:32.740Z] <<< [apiv2][status] POST https://cloudresourcemanager.googleapis.com/v1/projects/warehouse-management-jeevs:testIamPermissions 200
[debug] [2024-10-13T17:44:32.740Z] <<< [apiv2][body] POST https://cloudresourcemanager.googleapis.com/v1/projects/warehouse-management-jeevs:testIamPermissions {"permissions":["cloudfunctions.functions.create","cloudfunctions.functions.delete","cloudfunctions.functions.get","cloudfunctions.functions.list","cloudfunctions.functions.update","cloudfunctions.operations.get","firebase.projects.get"]}
[debug] [2024-10-13T17:44:32.741Z] Checked if tokens are valid: true, expires at: 1728845069256
[debug] [2024-10-13T17:44:32.741Z] Checked if tokens are valid: true, expires at: 1728845069256
[debug] [2024-10-13T17:44:32.741Z] >>> [apiv2][query] POST https://iam.googleapis.com/v1/projects/warehouse-management-jeevs/serviceAccounts/warehouse-management-jeevs@appspot.gserviceaccount.com:testIamPermissions [none]
[debug] [2024-10-13T17:44:32.741Z] >>> [apiv2][body] POST https://iam.googleapis.com/v1/projects/warehouse-management-jeevs/serviceAccounts/warehouse-management-jeevs@appspot.gserviceaccount.com:testIamPermissions {"permissions":["iam.serviceAccounts.actAs"]}
[debug] [2024-10-13T17:44:34.761Z] <<< [apiv2][status] POST https://iam.googleapis.com/v1/projects/warehouse-management-jeevs/serviceAccounts/warehouse-management-jeevs@appspot.gserviceaccount.com:testIamPermissions 200
[debug] [2024-10-13T17:44:34.761Z] <<< [apiv2][body] POST https://iam.googleapis.com/v1/projects/warehouse-management-jeevs/serviceAccounts/warehouse-management-jeevs@appspot.gserviceaccount.com:testIamPermissions {"permissions":["iam.serviceAccounts.actAs"]}
[info] 
[info] === Deploying to 'warehouse-management-jeevs'...
[info] 
[info] i  deploying functions 
[debug] [2024-10-13T17:44:34.765Z] Checked if tokens are valid: true, expires at: 1728845069256
[debug] [2024-10-13T17:44:34.765Z] Checked if tokens are valid: true, expires at: 1728845069256
[debug] [2024-10-13T17:44:34.766Z] >>> [apiv2][query] GET https://firebase.googleapis.com/v1beta1/projects/warehouse-management-jeevs [none]
[debug] [2024-10-13T17:44:36.473Z] <<< [apiv2][status] GET https://firebase.googleapis.com/v1beta1/projects/warehouse-management-jeevs 200
[debug] [2024-10-13T17:44:36.474Z] <<< [apiv2][body] GET https://firebase.googleapis.com/v1beta1/projects/warehouse-management-jeevs {"projectId":"warehouse-management-jeevs","projectNumber":"1003032067991","displayName":"warehouse-management","name":"projects/warehouse-management-jeevs","resources":{"hostingSite":"warehouse-management-jeevs"},"state":"ACTIVE","etag":"1_261f3975-7080-4faa-94ae-c52af8612394"}
[info] i  functions: preparing codebase default for deployment 
[info] i  functions: ensuring required API cloudfunctions.googleapis.com is enabled... 
[debug] [2024-10-13T17:44:36.476Z] Checked if tokens are valid: true, expires at: 1728845069256
[debug] [2024-10-13T17:44:36.476Z] Checked if tokens are valid: true, expires at: 1728845069256
[debug] [2024-10-13T17:44:36.476Z] Checked if tokens are valid: true, expires at: 1728845069256
[debug] [2024-10-13T17:44:36.476Z] Checked if tokens are valid: true, expires at: 1728845069256
[info] i  functions: ensuring required API cloudbuild.googleapis.com is enabled... 
[debug] [2024-10-13T17:44:36.477Z] Checked if tokens are valid: true, expires at: 1728845069256
[debug] [2024-10-13T17:44:36.477Z] Checked if tokens are valid: true, expires at: 1728845069256
[info] i  artifactregistry: ensuring required API artifactregistry.googleapis.com is enabled... 
[debug] [2024-10-13T17:44:36.478Z] Checked if tokens are valid: true, expires at: 1728845069256
[debug] [2024-10-13T17:44:36.478Z] Checked if tokens are valid: true, expires at: 1728845069256
[debug] [2024-10-13T17:44:36.478Z] >>> [apiv2][query] GET https://serviceusage.googleapis.com/v1/projects/warehouse-management-jeevs/services/cloudfunctions.googleapis.com [none]
[debug] [2024-10-13T17:44:36.478Z] >>> [apiv2][(partial)header] GET https://serviceusage.googleapis.com/v1/projects/warehouse-management-jeevs/services/cloudfunctions.googleapis.com x-goog-quota-user=projects/warehouse-management-jeevs
[debug] [2024-10-13T17:44:36.480Z] >>> [apiv2][query] GET https://serviceusage.googleapis.com/v1/projects/warehouse-management-jeevs/services/runtimeconfig.googleapis.com [none]
[debug] [2024-10-13T17:44:36.480Z] >>> [apiv2][(partial)header] GET https://serviceusage.googleapis.com/v1/projects/warehouse-management-jeevs/services/runtimeconfig.googleapis.com x-goog-quota-user=projects/warehouse-management-jeevs
[debug] [2024-10-13T17:44:36.483Z] >>> [apiv2][query] GET https://serviceusage.googleapis.com/v1/projects/warehouse-management-jeevs/services/cloudbuild.googleapis.com [none]
[debug] [2024-10-13T17:44:36.483Z] >>> [apiv2][(partial)header] GET https://serviceusage.googleapis.com/v1/projects/warehouse-management-jeevs/services/cloudbuild.googleapis.com x-goog-quota-user=projects/warehouse-management-jeevs
[debug] [2024-10-13T17:44:36.484Z] >>> [apiv2][query] GET https://serviceusage.googleapis.com/v1/projects/warehouse-management-jeevs/services/artifactregistry.googleapis.com [none]
[debug] [2024-10-13T17:44:36.484Z] >>> [apiv2][(partial)header] GET https://serviceusage.googleapis.com/v1/projects/warehouse-management-jeevs/services/artifactregistry.googleapis.com x-goog-quota-user=projects/warehouse-management-jeevs
[debug] [2024-10-13T17:44:38.796Z] <<< [apiv2][status] GET https://serviceusage.googleapis.com/v1/projects/warehouse-management-jeevs/services/cloudfunctions.googleapis.com 200
[debug] [2024-10-13T17:44:38.797Z] <<< [apiv2][body] GET https://serviceusage.googleapis.com/v1/projects/warehouse-management-jeevs/services/cloudfunctions.googleapis.com [omitted]
[info] +  functions: required API cloudfunctions.googleapis.com is enabled 
[debug] [2024-10-13T17:44:39.039Z] <<< [apiv2][status] GET https://serviceusage.googleapis.com/v1/projects/warehouse-management-jeevs/services/cloudbuild.googleapis.com 200
[debug] [2024-10-13T17:44:39.039Z] <<< [apiv2][body] GET https://serviceusage.googleapis.com/v1/projects/warehouse-management-jeevs/services/cloudbuild.googleapis.com [omitted]
[info] +  functions: required API cloudbuild.googleapis.com is enabled 
[debug] [2024-10-13T17:44:39.092Z] <<< [apiv2][status] GET https://serviceusage.googleapis.com/v1/projects/warehouse-management-jeevs/services/artifactregistry.googleapis.com 200
[debug] [2024-10-13T17:44:39.093Z] <<< [apiv2][body] GET https://serviceusage.googleapis.com/v1/projects/warehouse-management-jeevs/services/artifactregistry.googleapis.com [omitted]
[info] +  artifactregistry: required API artifactregistry.googleapis.com is enabled 
[debug] [2024-10-13T17:44:39.094Z] <<< [apiv2][status] GET https://serviceusage.googleapis.com/v1/projects/warehouse-management-jeevs/services/runtimeconfig.googleapis.com 200
[debug] [2024-10-13T17:44:39.094Z] <<< [apiv2][body] GET https://serviceusage.googleapis.com/v1/projects/warehouse-management-jeevs/services/runtimeconfig.googleapis.com [omitted]
[debug] [2024-10-13T17:44:39.095Z] Checked if tokens are valid: true, expires at: 1728845069256
[debug] [2024-10-13T17:44:39.095Z] Checked if tokens are valid: true, expires at: 1728845069256
[debug] [2024-10-13T17:44:39.095Z] >>> [apiv2][query] GET https://firebase.googleapis.com/v1beta1/projects/warehouse-management-jeevs/adminSdkConfig [none]
[debug] [2024-10-13T17:44:39.719Z] <<< [apiv2][status] GET https://firebase.googleapis.com/v1beta1/projects/warehouse-management-jeevs/adminSdkConfig 200
[debug] [2024-10-13T17:44:39.719Z] <<< [apiv2][body] GET https://firebase.googleapis.com/v1beta1/projects/warehouse-management-jeevs/adminSdkConfig {"projectId":"warehouse-management-jeevs","storageBucket":"warehouse-management-jeevs.appspot.com"}
[debug] [2024-10-13T17:44:39.720Z] Checked if tokens are valid: true, expires at: 1728845069256
[debug] [2024-10-13T17:44:39.720Z] Checked if tokens are valid: true, expires at: 1728845069256
[debug] [2024-10-13T17:44:39.720Z] >>> [apiv2][query] GET https://runtimeconfig.googleapis.com/v1beta1/projects/warehouse-management-jeevs/configs [none]
[debug] [2024-10-13T17:44:40.554Z] <<< [apiv2][status] GET https://runtimeconfig.googleapis.com/v1beta1/projects/warehouse-management-jeevs/configs 200
[debug] [2024-10-13T17:44:40.554Z] <<< [apiv2][body] GET https://runtimeconfig.googleapis.com/v1beta1/projects/warehouse-management-jeevs/configs {}
[debug] [2024-10-13T17:44:40.556Z] Validating nodejs source
[debug] [2024-10-13T17:44:44.883Z] > [functions] package.json contents: {
  "name": "functions",
  "description": "Cloud Functions for Firebase",
  "scripts": {
    "serve": "firebase emulators:start --only functions",
    "shell": "firebase functions:shell",
    "start": "npm run shell",
    "deploy": "firebase deploy --only functions",
    "logs": "firebase functions:log"
  },
  "engines": {
    "node": "18"
  },
  "main": "index.js",
  "dependencies": {
    "firebase-admin": "^12.1.0",
    "firebase-functions": "^6.0.1"
  },
  "devDependencies": {
    "firebase-functions-test": "^3.1.0"
  },
  "private": true
}
[debug] [2024-10-13T17:44:44.884Z] Building nodejs source
[info] i  functions: Loading and analyzing source code for codebase default to determine what to deploy 
[debug] [2024-10-13T17:44:44.888Z] Could not find functions.yaml. Must use http discovery
[debug] [2024-10-13T17:44:44.905Z] Found firebase-functions binary at 'C:\Web development\InterIIT_Teck Task\warehouse-management\functions\node_modules\.bin\firebase-functions'
[info] Serving at port 8149

[debug] [2024-10-13T17:44:46.787Z] Got response from /__/functions.yaml {"endpoints":{"api":{"availableMemoryMb":null,"timeoutSeconds":null,"minInstances":null,"maxInstances":null,"ingressSettings":null,"concurrency":null,"serviceAccountEmail":null,"vpc":null,"platform":"gcfv2","labels":{},"httpsTrigger":{},"entryPoint":"api"}},"specVersion":"v1alpha1","requiredAPIs":[],"extensions":{}}
[info] i  extensions: ensuring required API firebaseextensions.googleapis.com is enabled... 
[debug] [2024-10-13T17:44:51.846Z] Checked if tokens are valid: true, expires at: 1728845069256
[debug] [2024-10-13T17:44:51.846Z] Checked if tokens are valid: true, expires at: 1728845069256
[debug] [2024-10-13T17:44:51.846Z] >>> [apiv2][query] GET https://serviceusage.googleapis.com/v1/projects/warehouse-management-jeevs/services/firebaseextensions.googleapis.com [none]
[debug] [2024-10-13T17:44:51.846Z] >>> [apiv2][(partial)header] GET https://serviceusage.googleapis.com/v1/projects/warehouse-management-jeevs/services/firebaseextensions.googleapis.com x-goog-quota-user=projects/warehouse-management-jeevs
[debug] [2024-10-13T17:44:55.293Z] <<< [apiv2][status] GET https://serviceusage.googleapis.com/v1/projects/warehouse-management-jeevs/services/firebaseextensions.googleapis.com 200
[debug] [2024-10-13T17:44:55.293Z] <<< [apiv2][body] GET https://serviceusage.googleapis.com/v1/projects/warehouse-management-jeevs/services/firebaseextensions.googleapis.com [omitted]
[info] +  extensions: required API firebaseextensions.googleapis.com is enabled 
[debug] [2024-10-13T17:44:55.294Z] > command requires scopes: ["email","openid","https://www.googleapis.com/auth/cloudplatformprojects.readonly","https://www.googleapis.com/auth/firebase","https://www.googleapis.com/auth/cloud-platform"]
[debug] [2024-10-13T17:44:55.295Z] > authorizing via signed-in user (jeevankumarkorra2005@gmail.com)
[debug] [2024-10-13T17:44:55.295Z] [iam] checking project warehouse-management-jeevs for permissions ["firebase.projects.get","firebaseextensions.instances.list"]
[debug] [2024-10-13T17:44:55.295Z] Checked if tokens are valid: true, expires at: 1728845069256
[debug] [2024-10-13T17:44:55.295Z] Checked if tokens are valid: true, expires at: 1728845069256
[debug] [2024-10-13T17:44:55.295Z] >>> [apiv2][query] POST https://cloudresourcemanager.googleapis.com/v1/projects/warehouse-management-jeevs:testIamPermissions [none]
[debug] [2024-10-13T17:44:55.295Z] >>> [apiv2][(partial)header] POST https://cloudresourcemanager.googleapis.com/v1/projects/warehouse-management-jeevs:testIamPermissions x-goog-quota-user=projects/warehouse-management-jeevs
[debug] [2024-10-13T17:44:55.295Z] >>> [apiv2][body] POST https://cloudresourcemanager.googleapis.com/v1/projects/warehouse-management-jeevs:testIamPermissions {"permissions":["firebase.projects.get","firebaseextensions.instances.list"]}
[debug] [2024-10-13T17:44:57.446Z] <<< [apiv2][status] POST https://cloudresourcemanager.googleapis.com/v1/projects/warehouse-management-jeevs:testIamPermissions 200
[debug] [2024-10-13T17:44:57.446Z] <<< [apiv2][body] POST https://cloudresourcemanager.googleapis.com/v1/projects/warehouse-management-jeevs:testIamPermissions {"permissions":["firebase.projects.get","firebaseextensions.instances.list"]}
[debug] [2024-10-13T17:44:57.446Z] Checked if tokens are valid: true, expires at: 1728845069256
[debug] [2024-10-13T17:44:57.447Z] Checked if tokens are valid: true, expires at: 1728845069256
[debug] [2024-10-13T17:44:57.447Z] >>> [apiv2][query] GET https://firebaseextensions.googleapis.com/v1beta/projects/warehouse-management-jeevs/instances pageSize=100&pageToken=
[debug] [2024-10-13T17:44:59.669Z] <<< [apiv2][status] GET https://firebaseextensions.googleapis.com/v1beta/projects/warehouse-management-jeevs/instances 200
[debug] [2024-10-13T17:44:59.669Z] <<< [apiv2][body] GET https://firebaseextensions.googleapis.com/v1beta/projects/warehouse-management-jeevs/instances {}
[info] i  functions: preparing functions directory for uploading... 
[info] i  functions: packaged C:\Web development\InterIIT_Teck Task\warehouse-management\functions (29.26 KB) for uploading 
[debug] [2024-10-13T17:44:59.720Z] Checked if tokens are valid: true, expires at: 1728845069256
[debug] [2024-10-13T17:44:59.720Z] Checked if tokens are valid: true, expires at: 1728845069256
[debug] [2024-10-13T17:44:59.720Z] >>> [apiv2][query] GET https://cloudfunctions.googleapis.com/v1/projects/warehouse-management-jeevs/locations/-/functions [none]
[debug] [2024-10-13T17:45:01.078Z] <<< [apiv2][status] GET https://cloudfunctions.googleapis.com/v1/projects/warehouse-management-jeevs/locations/-/functions 200
[debug] [2024-10-13T17:45:01.079Z] <<< [apiv2][body] GET https://cloudfunctions.googleapis.com/v1/projects/warehouse-management-jeevs/locations/-/functions {}
[debug] [2024-10-13T17:45:01.079Z] Checked if tokens are valid: true, expires at: 1728845069256
[debug] [2024-10-13T17:45:01.079Z] Checked if tokens are valid: true, expires at: 1728845069256
[debug] [2024-10-13T17:45:01.080Z] >>> [apiv2][query] GET https://cloudfunctions.googleapis.com/v2/projects/warehouse-management-jeevs/locations/-/functions filter=environment%3D%22GEN_2%22
[debug] [2024-10-13T17:45:02.711Z] <<< [apiv2][status] GET https://cloudfunctions.googleapis.com/v2/projects/warehouse-management-jeevs/locations/-/functions 200
[debug] [2024-10-13T17:45:02.711Z] <<< [apiv2][body] GET https://cloudfunctions.googleapis.com/v2/projects/warehouse-management-jeevs/locations/-/functions {"functions":[{"name":"projects/warehouse-management-jeevs/locations/us-central1/functions/api","buildConfig":{"build":"projects/1003032067991/locations/us-central1/builds/0500e0a9-eba8-4179-99ec-1a894da52aa5","runtime":"nodejs18","entryPoint":"api","source":{"storageSource":{"bucket":"gcf-v2-sources-1003032067991-us-central1","object":"api/function-source.zip","generation":"1728766423151354"}},"environmentVariables":{"GOOGLE_NODE_RUN_SCRIPTS":""},"dockerRepository":"projects/warehouse-management-jeevs/locations/us-central1/repositories/gcf-artifacts","sourceProvenance":{"resolvedStorageSource":{"bucket":"gcf-v2-sources-1003032067991-us-central1","object":"api/function-source.zip","generation":"1728766423151354"}},"dockerRegistry":"ARTIFACT_REGISTRY","serviceAccount":"projects/warehouse-management-jeevs/serviceAccounts/1003032067991-compute@developer.gserviceaccount.com","automaticUpdatePolicy":{}},"state":"FAILED","updateTime":"2024-10-12T20:54:31.307985097Z","labels":{"deployment-tool":"cli-firebase","firebase-functions-hash":"3bedb65599a2cdf7f42989a8189822c8d5e178ab"},"stateMessages":[{"severity":"ERROR","type":"CloudRunServiceNotFound","message":"Cloud Run service projects/warehouse-management-jeevs/locations/us-central1/services/api for the function was not found. The function will not work correctly. Please redeploy."}],"environment":"GEN_2","url":"https://us-central1-warehouse-management-jeevs.cloudfunctions.net/api","createTime":"2024-10-12T20:53:43.386798966Z"}]}
[info] i  functions: ensuring required API run.googleapis.com is enabled... 
[debug] [2024-10-13T17:45:02.714Z] Checked if tokens are valid: true, expires at: 1728845069256
[debug] [2024-10-13T17:45:02.715Z] Checked if tokens are valid: true, expires at: 1728845069256
[info] i  functions: ensuring required API eventarc.googleapis.com is enabled... 
[debug] [2024-10-13T17:45:02.715Z] Checked if tokens are valid: true, expires at: 1728845069256
[debug] [2024-10-13T17:45:02.715Z] Checked if tokens are valid: true, expires at: 1728845069256
[info] i  functions: ensuring required API pubsub.googleapis.com is enabled... 
[debug] [2024-10-13T17:45:02.716Z] Checked if tokens are valid: true, expires at: 1728845069256
[debug] [2024-10-13T17:45:02.716Z] Checked if tokens are valid: true, expires at: 1728845069256
[info] i  functions: ensuring required API storage.googleapis.com is enabled... 
[debug] [2024-10-13T17:45:02.721Z] Checked if tokens are valid: true, expires at: 1728845069256
[debug] [2024-10-13T17:45:02.721Z] Checked if tokens are valid: true, expires at: 1728845069256
[debug] [2024-10-13T17:45:02.722Z] >>> [apiv2][query] GET https://serviceusage.googleapis.com/v1/projects/warehouse-management-jeevs/services/run.googleapis.com [none]
[debug] [2024-10-13T17:45:02.722Z] >>> [apiv2][(partial)header] GET https://serviceusage.googleapis.com/v1/projects/warehouse-management-jeevs/services/run.googleapis.com x-goog-quota-user=projects/warehouse-management-jeevs
[debug] [2024-10-13T17:45:02.723Z] >>> [apiv2][query] GET https://serviceusage.googleapis.com/v1/projects/warehouse-management-jeevs/services/eventarc.googleapis.com [none]
[debug] [2024-10-13T17:45:02.724Z] >>> [apiv2][(partial)header] GET https://serviceusage.googleapis.com/v1/projects/warehouse-management-jeevs/services/eventarc.googleapis.com x-goog-quota-user=projects/warehouse-management-jeevs
[debug] [2024-10-13T17:45:02.725Z] >>> [apiv2][query] GET https://serviceusage.googleapis.com/v1/projects/warehouse-management-jeevs/services/pubsub.googleapis.com [none]
[debug] [2024-10-13T17:45:02.725Z] >>> [apiv2][(partial)header] GET https://serviceusage.googleapis.com/v1/projects/warehouse-management-jeevs/services/pubsub.googleapis.com x-goog-quota-user=projects/warehouse-management-jeevs
[debug] [2024-10-13T17:45:02.727Z] >>> [apiv2][query] GET https://serviceusage.googleapis.com/v1/projects/warehouse-management-jeevs/services/storage.googleapis.com [none]
[debug] [2024-10-13T17:45:02.727Z] >>> [apiv2][(partial)header] GET https://serviceusage.googleapis.com/v1/projects/warehouse-management-jeevs/services/storage.googleapis.com x-goog-quota-user=projects/warehouse-management-jeevs
[debug] [2024-10-13T17:45:03.300Z] <<< [apiv2][status] GET https://serviceusage.googleapis.com/v1/projects/warehouse-management-jeevs/services/storage.googleapis.com 200
[debug] [2024-10-13T17:45:03.300Z] <<< [apiv2][body] GET https://serviceusage.googleapis.com/v1/projects/warehouse-management-jeevs/services/storage.googleapis.com [omitted]
[info] +  functions: required API storage.googleapis.com is enabled 
[debug] [2024-10-13T17:45:04.430Z] <<< [apiv2][status] GET https://serviceusage.googleapis.com/v1/projects/warehouse-management-jeevs/services/eventarc.googleapis.com 200
[debug] [2024-10-13T17:45:04.430Z] <<< [apiv2][body] GET https://serviceusage.googleapis.com/v1/projects/warehouse-management-jeevs/services/eventarc.googleapis.com [omitted]
[info] +  functions: required API eventarc.googleapis.com is enabled 
[debug] [2024-10-13T17:45:04.524Z] <<< [apiv2][status] GET https://serviceusage.googleapis.com/v1/projects/warehouse-management-jeevs/services/run.googleapis.com 200
[debug] [2024-10-13T17:45:04.525Z] <<< [apiv2][body] GET https://serviceusage.googleapis.com/v1/projects/warehouse-management-jeevs/services/run.googleapis.com [omitted]
[info] +  functions: required API run.googleapis.com is enabled 
[debug] [2024-10-13T17:45:04.535Z] <<< [apiv2][status] GET https://serviceusage.googleapis.com/v1/projects/warehouse-management-jeevs/services/pubsub.googleapis.com 200
[debug] [2024-10-13T17:45:04.536Z] <<< [apiv2][body] GET https://serviceusage.googleapis.com/v1/projects/warehouse-management-jeevs/services/pubsub.googleapis.com [omitted]
[info] +  functions: required API pubsub.googleapis.com is enabled 
[info] i  functions: generating the service identity for pubsub.googleapis.com... 
[debug] [2024-10-13T17:45:04.537Z] Checked if tokens are valid: true, expires at: 1728845069256
[debug] [2024-10-13T17:45:04.537Z] Checked if tokens are valid: true, expires at: 1728845069256
[info] i  functions: generating the service identity for eventarc.googleapis.com... 
[debug] [2024-10-13T17:45:04.538Z] Checked if tokens are valid: true, expires at: 1728845069256
[debug] [2024-10-13T17:45:04.538Z] Checked if tokens are valid: true, expires at: 1728845069256
[debug] [2024-10-13T17:45:04.538Z] >>> [apiv2][query] POST https://serviceusage.googleapis.com/v1beta1/projects/1003032067991/services/pubsub.googleapis.com:generateServiceIdentity [none]
[debug] [2024-10-13T17:45:04.539Z] >>> [apiv2][query] POST https://serviceusage.googleapis.com/v1beta1/projects/1003032067991/services/eventarc.googleapis.com:generateServiceIdentity [none]
[debug] [2024-10-13T17:45:05.017Z] <<< [apiv2][status] POST https://serviceusage.googleapis.com/v1beta1/projects/1003032067991/services/pubsub.googleapis.com:generateServiceIdentity 200
[debug] [2024-10-13T17:45:05.018Z] <<< [apiv2][body] POST https://serviceusage.googleapis.com/v1beta1/projects/1003032067991/services/pubsub.googleapis.com:generateServiceIdentity {"name":"operations/finished.DONE_OPERATION","done":true,"response":{"@type":"type.googleapis.com/google.api.serviceusage.v1beta1.ServiceIdentity","email":"service-1003032067991@gcp-sa-pubsub.iam.gserviceaccount.com","uniqueId":"106662472127232253916"}}
[debug] [2024-10-13T17:45:05.158Z] <<< [apiv2][status] POST https://serviceusage.googleapis.com/v1beta1/projects/1003032067991/services/eventarc.googleapis.com:generateServiceIdentity 200
[debug] [2024-10-13T17:45:05.159Z] <<< [apiv2][body] POST https://serviceusage.googleapis.com/v1beta1/projects/1003032067991/services/eventarc.googleapis.com:generateServiceIdentity {"name":"operations/finished.DONE_OPERATION","done":true,"response":{"@type":"type.googleapis.com/google.api.serviceusage.v1beta1.ServiceIdentity","email":"service-1003032067991@gcp-sa-eventarc.iam.gserviceaccount.com","uniqueId":"118341636379825588465"}}
[debug] [2024-10-13T17:45:05.161Z] Checked if tokens are valid: true, expires at: 1728845069256
[debug] [2024-10-13T17:45:05.161Z] Checked if tokens are valid: true, expires at: 1728845069256
[debug] [2024-10-13T17:45:05.161Z] >>> [apiv2][query] GET https://firebase.googleapis.com/v1beta1/projects/warehouse-management-jeevs [none]
[debug] [2024-10-13T17:45:05.838Z] <<< [apiv2][status] GET https://firebase.googleapis.com/v1beta1/projects/warehouse-management-jeevs 200
[debug] [2024-10-13T17:45:05.838Z] <<< [apiv2][body] GET https://firebase.googleapis.com/v1beta1/projects/warehouse-management-jeevs {"projectId":"warehouse-management-jeevs","projectNumber":"1003032067991","displayName":"warehouse-management","name":"projects/warehouse-management-jeevs","resources":{"hostingSite":"warehouse-management-jeevs"},"state":"ACTIVE","etag":"1_261f3975-7080-4faa-94ae-c52af8612394"}
[debug] [2024-10-13T17:45:05.839Z] Checked if tokens are valid: true, expires at: 1728845069256
[debug] [2024-10-13T17:45:05.839Z] Checked if tokens are valid: true, expires at: 1728845069256
[debug] [2024-10-13T17:45:05.839Z] >>> [apiv2][query] GET https://cloudbilling.googleapis.com/v1/projects/warehouse-management-jeevs/billingInfo [none]
[debug] [2024-10-13T17:45:08.055Z] <<< [apiv2][status] GET https://cloudbilling.googleapis.com/v1/projects/warehouse-management-jeevs/billingInfo 200
[debug] [2024-10-13T17:45:08.055Z] <<< [apiv2][body] GET https://cloudbilling.googleapis.com/v1/projects/warehouse-management-jeevs/billingInfo {"name":"projects/warehouse-management-jeevs/billingInfo","projectId":"warehouse-management-jeevs","billingAccountName":"billingAccounts/010DBC-87E04D-03496E","billingEnabled":true}
[debug] [2024-10-13T17:45:08.057Z] Checked if tokens are valid: true, expires at: 1728845069256
[debug] [2024-10-13T17:45:08.057Z] Checked if tokens are valid: true, expires at: 1728845069256
[debug] [2024-10-13T17:45:08.057Z] >>> [apiv2][query] POST https://cloudfunctions.googleapis.com/v2/projects/warehouse-management-jeevs/locations/us-central1/functions:generateUploadUrl [none]
[debug] [2024-10-13T17:45:10.342Z] <<< [apiv2][status] POST https://cloudfunctions.googleapis.com/v2/projects/warehouse-management-jeevs/locations/us-central1/functions:generateUploadUrl 200
[debug] [2024-10-13T17:45:10.343Z] <<< [apiv2][body] POST https://cloudfunctions.googleapis.com/v2/projects/warehouse-management-jeevs/locations/us-central1/functions:generateUploadUrl {"uploadUrl":"https://storage.googleapis.com/gcf-v2-uploads-1003032067991-us-central1/3771f7b6-528b-4b95-af58-0785c7b71233.zip?GoogleAccessId=service-1003032067991@gcf-admin-robot.iam.gserviceaccount.com&Expires=1728843309&Signature=aQdjGlRvo%2B2O0BCWL0CTIQpgIs6MPEP66hsx7RmLrqNZ3pluDiKnWOxUaWftvPBv%2BO%2FUSVn4nT8C2dDT5r0PvA2QMNlt7%2BIV5a%2BWsDSJw91YAZIbMBTGiSwux3wja01x5J6M38w370g8riAeF1p570NGrNGQkha%2BDdMuDnAh0ZyoZEeHuNthTQsunMwjgfwh6yxQ0QZSfGHMxXfvZPA8t0nVlhpnWZg%2FPxijVHCeKiOWDkoejKPEPkhXg1HVeh2VUnR6B4I15o7hEgdwNhU6X1AcmwpTnMxm%2FbJShb2KBY7teCVNTRyUkOUjWoyIYRhU9Jig50jpJnj%2BfV3TNnreGg%3D%3D","storageSource":{"bucket":"gcf-v2-uploads-1003032067991-us-central1","object":"3771f7b6-528b-4b95-af58-0785c7b71233.zip"}}
[debug] [2024-10-13T17:45:10.344Z] >>> [apiv2][query] PUT https://storage.googleapis.com/gcf-v2-uploads-1003032067991-us-central1/3771f7b6-528b-4b95-af58-0785c7b71233.zip GoogleAccessId=service-1003032067991%40gcf-admin-robot.iam.gserviceaccount.com&Expires=1728843309&Signature=aQdjGlRvo%2B2O0BCWL0CTIQpgIs6MPEP66hsx7RmLrqNZ3pluDiKnWOxUaWftvPBv%2BO%2FUSVn4nT8C2dDT5r0PvA2QMNlt7%2BIV5a%2BWsDSJw91YAZIbMBTGiSwux3wja01x5J6M38w370g8riAeF1p570NGrNGQkha%2BDdMuDnAh0ZyoZEeHuNthTQsunMwjgfwh6yxQ0QZSfGHMxXfvZPA8t0nVlhpnWZg%2FPxijVHCeKiOWDkoejKPEPkhXg1HVeh2VUnR6B4I15o7hEgdwNhU6X1AcmwpTnMxm%2FbJShb2KBY7teCVNTRyUkOUjWoyIYRhU9Jig50jpJnj%2BfV3TNnreGg%3D%3D
[debug] [2024-10-13T17:45:10.344Z] >>> [apiv2][body] PUT https://storage.googleapis.com/gcf-v2-uploads-1003032067991-us-central1/3771f7b6-528b-4b95-af58-0785c7b71233.zip [stream]
[debug] [2024-10-13T17:45:11.829Z] <<< [apiv2][status] PUT https://storage.googleapis.com/gcf-v2-uploads-1003032067991-us-central1/3771f7b6-528b-4b95-af58-0785c7b71233.zip 200
[debug] [2024-10-13T17:45:11.829Z] <<< [apiv2][body] PUT https://storage.googleapis.com/gcf-v2-uploads-1003032067991-us-central1/3771f7b6-528b-4b95-af58-0785c7b71233.zip [omitted]
[info] +  functions: functions folder uploaded successfully 
[info] i  functions: updating Node.js 18 (2nd Gen) function api(us-central1)... 
[debug] [2024-10-13T17:45:11.836Z] Checked if tokens are valid: true, expires at: 1728845069256
[debug] [2024-10-13T17:45:11.836Z] Checked if tokens are valid: true, expires at: 1728845069256
[debug] [2024-10-13T17:45:11.836Z] >>> [apiv2][query] PATCH https://cloudfunctions.googleapis.com/v2/projects/warehouse-management-jeevs/locations/us-central1/functions/api updateMask=name%2CbuildConfig.runtime%2CbuildConfig.entryPoint%2CbuildConfig.source.storageSource.bucket%2CbuildConfig.source.storageSource.object%2CbuildConfig.environmentVariables%2CbuildConfig.sourceToken%2CserviceConfig.environmentVariables%2CserviceConfig.ingressSettings%2CserviceConfig.timeoutSeconds%2CserviceConfig.serviceAccountEmail%2CserviceConfig.availableMemory%2CserviceConfig.minInstanceCount%2CserviceConfig.maxInstanceCount%2CserviceConfig.maxInstanceRequestConcurrency%2CserviceConfig.availableCpu%2CserviceConfig.vpcConnector%2CserviceConfig.vpcConnectorEgressSettings%2Clabels%2CbuildConfig.buildEnvironmentVariables
[debug] [2024-10-13T17:45:11.836Z] >>> [apiv2][body] PATCH https://cloudfunctions.googleapis.com/v2/projects/warehouse-management-jeevs/locations/us-central1/functions/api {"name":"projects/warehouse-management-jeevs/locations/us-central1/functions/api","buildConfig":{"runtime":"nodejs18","entryPoint":"api","source":{"storageSource":{"bucket":"gcf-v2-uploads-1003032067991-us-central1","object":"3771f7b6-528b-4b95-af58-0785c7b71233.zip"}},"environmentVariables":{"GOOGLE_NODE_RUN_SCRIPTS":""}},"serviceConfig":{"environmentVariables":{"FIREBASE_CONFIG":"{\"projectId\":\"warehouse-management-jeevs\",\"storageBucket\":\"warehouse-management-jeevs.appspot.com\"}","GCLOUD_PROJECT":"warehouse-management-jeevs","EVENTARC_CLOUD_EVENT_SOURCE":"projects/warehouse-management-jeevs/locations/us-central1/services/api","FUNCTION_TARGET":"api"},"ingressSettings":null,"timeoutSeconds":null,"serviceAccountEmail":null,"availableMemory":"256Mi","minInstanceCount":null,"maxInstanceCount":null,"maxInstanceRequestConcurrency":80,"availableCpu":"1","vpcConnector":null,"vpcConnectorEgressSettings":null},"labels":{"deployment-tool":"cli-firebase","firebase-functions-hash":"7aec4dd1fa4314688ecabf930cf3de537214263a"}}
[debug] [2024-10-13T17:45:14.787Z] <<< [apiv2][status] PATCH https://cloudfunctions.googleapis.com/v2/projects/warehouse-management-jeevs/locations/us-central1/functions/api 200
[debug] [2024-10-13T17:45:14.787Z] <<< [apiv2][body] PATCH https://cloudfunctions.googleapis.com/v2/projects/warehouse-management-jeevs/locations/us-central1/functions/api {"name":"projects/warehouse-management-jeevs/locations/us-central1/operations/operation-1728841512806-6245f483e69a4-ed139436-de2a6ff0","metadata":{"@type":"type.googleapis.com/google.cloud.functions.v2.OperationMetadata","createTime":"2024-10-13T17:45:14.250391974Z","target":"projects/warehouse-management-jeevs/locations/us-central1/functions/api","verb":"update","cancelRequested":false,"apiVersion":"v2"},"done":false}
[debug] [2024-10-13T17:45:14.788Z] Checked if tokens are valid: true, expires at: 1728845069256
[debug] [2024-10-13T17:45:14.788Z] Checked if tokens are valid: true, expires at: 1728845069256
[debug] [2024-10-13T17:45:14.789Z] >>> [apiv2][query] GET https://cloudfunctions.googleapis.com/v2/projects/warehouse-management-jeevs/locations/us-central1/operations/operation-1728841512806-6245f483e69a4-ed139436-de2a6ff0 [none]
[debug] [2024-10-13T17:45:16.200Z] <<< [apiv2][status] GET https://cloudfunctions.googleapis.com/v2/projects/warehouse-management-jeevs/locations/us-central1/operations/operation-1728841512806-6245f483e69a4-ed139436-de2a6ff0 200
[debug] [2024-10-13T17:45:16.200Z] <<< [apiv2][body] GET https://cloudfunctions.googleapis.com/v2/projects/warehouse-management-jeevs/locations/us-central1/operations/operation-1728841512806-6245f483e69a4-ed139436-de2a6ff0 {"name":"projects/warehouse-management-jeevs/locations/us-central1/operations/operation-1728841512806-6245f483e69a4-ed139436-de2a6ff0","metadata":{"@type":"type.googleapis.com/google.cloud.functions.v2.OperationMetadata","createTime":"2024-10-13T17:45:14.250391974Z","target":"projects/warehouse-management-jeevs/locations/us-central1/functions/api","verb":"update","cancelRequested":false,"apiVersion":"v2","requestResource":{"@type":"type.googleapis.com/google.cloud.functions.v2.Function","name":"projects/warehouse-management-jeevs/locations/us-central1/functions/api","buildConfig":{"runtime":"nodejs18","entryPoint":"api","source":{"storageSource":{"bucket":"gcf-v2-sources-1003032067991-us-central1","object":"api/function-source.zip","generation":"1728841514210562"}},"environmentVariables":{"GOOGLE_NODE_RUN_SCRIPTS":""},"dockerRepository":"projects/warehouse-management-jeevs/locations/us-central1/repositories/gcf-artifacts","sourceProvenance":{"resolvedStorageSource":{"bucket":"gcf-v2-sources-1003032067991-us-central1","object":"api/function-source.zip","generation":"1728766423151354"}},"dockerRegistry":"ARTIFACT_REGISTRY","serviceAccount":"projects/warehouse-management-jeevs/serviceAccounts/1003032067991-compute@developer.gserviceaccount.com","automaticUpdatePolicy":{}},"serviceConfig":{"service":"projects/warehouse-management-jeevs/locations/us-central1/services/api","timeoutSeconds":60,"environmentVariables":{"FIREBASE_CONFIG":"{\"projectId\":\"warehouse-management-jeevs\",\"storageBucket\":\"warehouse-management-jeevs.appspot.com\"}","GCLOUD_PROJECT":"warehouse-management-jeevs","EVENTARC_CLOUD_EVENT_SOURCE":"projects/warehouse-management-jeevs/locations/us-central1/services/api","FUNCTION_TARGET":"api","LOG_EXECUTION_ID":"true"},"ingressSettings":"ALLOW_ALL","serviceAccountEmail":"1003032067991-compute@developer.gserviceaccount.com","availableMemory":"256Mi","maxInstanceRequestConcurrency":80,"availableCpu":"1"},"state":"FAILED","labels":{"firebase-functions-hash":"7aec4dd1fa4314688ecabf930cf3de537214263a"},"stateMessages":[{"severity":"ERROR","type":"CloudRunServiceNotFound","message":"Cloud Run service projects/warehouse-management-jeevs/locations/us-central1/services/api for the function was not found. The function will not work correctly. Please redeploy."}],"environment":"GEN_2","url":"https://us-central1-warehouse-management-jeevs.cloudfunctions.net/api"},"stages":[{"name":"BUILD","state":"NOT_STARTED"},{"name":"SERVICE","state":"NOT_STARTED"}],"operationType":"UPDATE_FUNCTION"},"done":false}
[debug] [2024-10-13T17:45:16.712Z] [update-default-us-central1-api] Retrying task index 0
[debug] [2024-10-13T17:45:16.713Z] Checked if tokens are valid: true, expires at: 1728845069256
[debug] [2024-10-13T17:45:16.713Z] Checked if tokens are valid: true, expires at: 1728845069256
[debug] [2024-10-13T17:45:16.713Z] >>> [apiv2][query] GET https://cloudfunctions.googleapis.com/v2/projects/warehouse-management-jeevs/locations/us-central1/operations/operation-1728841512806-6245f483e69a4-ed139436-de2a6ff0 [none]
[debug] [2024-10-13T17:45:18.059Z] <<< [apiv2][status] GET https://cloudfunctions.googleapis.com/v2/projects/warehouse-management-jeevs/locations/us-central1/operations/operation-1728841512806-6245f483e69a4-ed139436-de2a6ff0 200
[debug] [2024-10-13T17:45:18.059Z] <<< [apiv2][body] GET https://cloudfunctions.googleapis.com/v2/projects/warehouse-management-jeevs/locations/us-central1/operations/operation-1728841512806-6245f483e69a4-ed139436-de2a6ff0 {"name":"projects/warehouse-management-jeevs/locations/us-central1/operations/operation-1728841512806-6245f483e69a4-ed139436-de2a6ff0","metadata":{"@type":"type.googleapis.com/google.cloud.functions.v2.OperationMetadata","createTime":"2024-10-13T17:45:14.250391974Z","target":"projects/warehouse-management-jeevs/locations/us-central1/functions/api","verb":"update","cancelRequested":false,"apiVersion":"v2","requestResource":{"@type":"type.googleapis.com/google.cloud.functions.v2.Function","name":"projects/warehouse-management-jeevs/locations/us-central1/functions/api","buildConfig":{"runtime":"nodejs18","entryPoint":"api","source":{"storageSource":{"bucket":"gcf-v2-sources-1003032067991-us-central1","object":"api/function-source.zip","generation":"1728841514210562"}},"environmentVariables":{"GOOGLE_NODE_RUN_SCRIPTS":""},"dockerRepository":"projects/warehouse-management-jeevs/locations/us-central1/repositories/gcf-artifacts","sourceProvenance":{"resolvedStorageSource":{"bucket":"gcf-v2-sources-1003032067991-us-central1","object":"api/function-source.zip","generation":"1728766423151354"}},"dockerRegistry":"ARTIFACT_REGISTRY","serviceAccount":"projects/warehouse-management-jeevs/serviceAccounts/1003032067991-compute@developer.gserviceaccount.com","automaticUpdatePolicy":{}},"serviceConfig":{"service":"projects/warehouse-management-jeevs/locations/us-central1/services/api","timeoutSeconds":60,"environmentVariables":{"FIREBASE_CONFIG":"{\"projectId\":\"warehouse-management-jeevs\",\"storageBucket\":\"warehouse-management-jeevs.appspot.com\"}","GCLOUD_PROJECT":"warehouse-management-jeevs","EVENTARC_CLOUD_EVENT_SOURCE":"projects/warehouse-management-jeevs/locations/us-central1/services/api","FUNCTION_TARGET":"api","LOG_EXECUTION_ID":"true"},"ingressSettings":"ALLOW_ALL","serviceAccountEmail":"1003032067991-compute@developer.gserviceaccount.com","availableMemory":"256Mi","maxInstanceRequestConcurrency":80,"availableCpu":"1"},"state":"FAILED","labels":{"firebase-functions-hash":"7aec4dd1fa4314688ecabf930cf3de537214263a"},"stateMessages":[{"severity":"ERROR","type":"CloudRunServiceNotFound","message":"Cloud Run service projects/warehouse-management-jeevs/locations/us-central1/services/api for the function was not found. The function will not work correctly. Please redeploy."}],"environment":"GEN_2","url":"https://us-central1-warehouse-management-jeevs.cloudfunctions.net/api"},"stages":[{"name":"BUILD","message":"Build in progress","state":"IN_PROGRESS","resource":"projects/1003032067991/locations/us-central1/builds/828ed52b-5c65-4fd0-9122-12bb566aaa9f","resourceUri":"https://console.cloud.google.com/cloud-build/builds;region=us-central1/828ed52b-5c65-4fd0-9122-12bb566aaa9f?project=1003032067991"},{"name":"SERVICE","state":"NOT_STARTED"}],"operationType":"UPDATE_FUNCTION","buildName":"projects/1003032067991/locations/us-central1/builds/828ed52b-5c65-4fd0-9122-12bb566aaa9f"},"done":false}
[debug] [2024-10-13T17:45:19.066Z] [update-default-us-central1-api] Retrying task index 0
[debug] [2024-10-13T17:45:19.067Z] Checked if tokens are valid: true, expires at: 1728845069256
[debug] [2024-10-13T17:45:19.067Z] Checked if tokens are valid: true, expires at: 1728845069256
[debug] [2024-10-13T17:45:19.068Z] >>> [apiv2][query] GET https://cloudfunctions.googleapis.com/v2/projects/warehouse-management-jeevs/locations/us-central1/operations/operation-1728841512806-6245f483e69a4-ed139436-de2a6ff0 [none]
[debug] [2024-10-13T17:45:20.521Z] <<< [apiv2][status] GET https://cloudfunctions.googleapis.com/v2/projects/warehouse-management-jeevs/locations/us-central1/operations/operation-1728841512806-6245f483e69a4-ed139436-de2a6ff0 200
[debug] [2024-10-13T17:45:20.522Z] <<< [apiv2][body] GET https://cloudfunctions.googleapis.com/v2/projects/warehouse-management-jeevs/locations/us-central1/operations/operation-1728841512806-6245f483e69a4-ed139436-de2a6ff0 {"name":"projects/warehouse-management-jeevs/locations/us-central1/operations/operation-1728841512806-6245f483e69a4-ed139436-de2a6ff0","metadata":{"@type":"type.googleapis.com/google.cloud.functions.v2.OperationMetadata","createTime":"2024-10-13T17:45:14.250391974Z","target":"projects/warehouse-management-jeevs/locations/us-central1/functions/api","verb":"update","cancelRequested":false,"apiVersion":"v2","requestResource":{"@type":"type.googleapis.com/google.cloud.functions.v2.Function","name":"projects/warehouse-management-jeevs/locations/us-central1/functions/api","buildConfig":{"runtime":"nodejs18","entryPoint":"api","source":{"storageSource":{"bucket":"gcf-v2-sources-1003032067991-us-central1","object":"api/function-source.zip","generation":"1728841514210562"}},"environmentVariables":{"GOOGLE_NODE_RUN_SCRIPTS":""},"dockerRepository":"projects/warehouse-management-jeevs/locations/us-central1/repositories/gcf-artifacts","sourceProvenance":{"resolvedStorageSource":{"bucket":"gcf-v2-sources-1003032067991-us-central1","object":"api/function-source.zip","generation":"1728766423151354"}},"dockerRegistry":"ARTIFACT_REGISTRY","serviceAccount":"projects/warehouse-management-jeevs/serviceAccounts/1003032067991-compute@developer.gserviceaccount.com","automaticUpdatePolicy":{}},"serviceConfig":{"service":"projects/warehouse-management-jeevs/locations/us-central1/services/api","timeoutSeconds":60,"environmentVariables":{"FIREBASE_CONFIG":"{\"projectId\":\"warehouse-management-jeevs\",\"storageBucket\":\"warehouse-management-jeevs.appspot.com\"}","GCLOUD_PROJECT":"warehouse-management-jeevs","EVENTARC_CLOUD_EVENT_SOURCE":"projects/warehouse-management-jeevs/locations/us-central1/services/api","FUNCTION_TARGET":"api","LOG_EXECUTION_ID":"true"},"ingressSettings":"ALLOW_ALL","serviceAccountEmail":"1003032067991-compute@developer.gserviceaccount.com","availableMemory":"256Mi","maxInstanceRequestConcurrency":80,"availableCpu":"1"},"state":"FAILED","labels":{"firebase-functions-hash":"7aec4dd1fa4314688ecabf930cf3de537214263a"},"stateMessages":[{"severity":"ERROR","type":"CloudRunServiceNotFound","message":"Cloud Run service projects/warehouse-management-jeevs/locations/us-central1/services/api for the function was not found. The function will not work correctly. Please redeploy."}],"environment":"GEN_2","url":"https://us-central1-warehouse-management-jeevs.cloudfunctions.net/api"},"stages":[{"name":"BUILD","message":"Build in progress","state":"IN_PROGRESS","resource":"projects/1003032067991/locations/us-central1/builds/828ed52b-5c65-4fd0-9122-12bb566aaa9f","resourceUri":"https://console.cloud.google.com/cloud-build/builds;region=us-central1/828ed52b-5c65-4fd0-9122-12bb566aaa9f?project=1003032067991"},{"name":"SERVICE","state":"NOT_STARTED"}],"operationType":"UPDATE_FUNCTION","buildName":"projects/1003032067991/locations/us-central1/builds/828ed52b-5c65-4fd0-9122-12bb566aaa9f"},"done":false}
[debug] [2024-10-13T17:45:22.536Z] [update-default-us-central1-api] Retrying task index 0
[debug] [2024-10-13T17:45:22.537Z] Checked if tokens are valid: true, expires at: 1728845069256
[debug] [2024-10-13T17:45:22.537Z] Checked if tokens are valid: true, expires at: 1728845069256
[debug] [2024-10-13T17:45:22.537Z] >>> [apiv2][query] GET https://cloudfunctions.googleapis.com/v2/projects/warehouse-management-jeevs/locations/us-central1/operations/operation-1728841512806-6245f483e69a4-ed139436-de2a6ff0 [none]
[debug] [2024-10-13T17:45:23.966Z] <<< [apiv2][status] GET https://cloudfunctions.googleapis.com/v2/projects/warehouse-management-jeevs/locations/us-central1/operations/operation-1728841512806-6245f483e69a4-ed139436-de2a6ff0 200
[debug] [2024-10-13T17:45:23.967Z] <<< [apiv2][body] GET https://cloudfunctions.googleapis.com/v2/projects/warehouse-management-jeevs/locations/us-central1/operations/operation-1728841512806-6245f483e69a4-ed139436-de2a6ff0 {"name":"projects/warehouse-management-jeevs/locations/us-central1/operations/operation-1728841512806-6245f483e69a4-ed139436-de2a6ff0","metadata":{"@type":"type.googleapis.com/google.cloud.functions.v2.OperationMetadata","createTime":"2024-10-13T17:45:14.250391974Z","target":"projects/warehouse-management-jeevs/locations/us-central1/functions/api","verb":"update","cancelRequested":false,"apiVersion":"v2","requestResource":{"@type":"type.googleapis.com/google.cloud.functions.v2.Function","name":"projects/warehouse-management-jeevs/locations/us-central1/functions/api","buildConfig":{"runtime":"nodejs18","entryPoint":"api","source":{"storageSource":{"bucket":"gcf-v2-sources-1003032067991-us-central1","object":"api/function-source.zip","generation":"1728841514210562"}},"environmentVariables":{"GOOGLE_NODE_RUN_SCRIPTS":""},"dockerRepository":"projects/warehouse-management-jeevs/locations/us-central1/repositories/gcf-artifacts","sourceProvenance":{"resolvedStorageSource":{"bucket":"gcf-v2-sources-1003032067991-us-central1","object":"api/function-source.zip","generation":"1728766423151354"}},"dockerRegistry":"ARTIFACT_REGISTRY","serviceAccount":"projects/warehouse-management-jeevs/serviceAccounts/1003032067991-compute@developer.gserviceaccount.com","automaticUpdatePolicy":{}},"serviceConfig":{"service":"projects/warehouse-management-jeevs/locations/us-central1/services/api","timeoutSeconds":60,"environmentVariables":{"FIREBASE_CONFIG":"{\"projectId\":\"warehouse-management-jeevs\",\"storageBucket\":\"warehouse-management-jeevs.appspot.com\"}","GCLOUD_PROJECT":"warehouse-management-jeevs","EVENTARC_CLOUD_EVENT_SOURCE":"projects/warehouse-management-jeevs/locations/us-central1/services/api","FUNCTION_TARGET":"api","LOG_EXECUTION_ID":"true"},"ingressSettings":"ALLOW_ALL","serviceAccountEmail":"1003032067991-compute@developer.gserviceaccount.com","availableMemory":"256Mi","maxInstanceRequestConcurrency":80,"availableCpu":"1"},"state":"FAILED","labels":{"firebase-functions-hash":"7aec4dd1fa4314688ecabf930cf3de537214263a"},"stateMessages":[{"severity":"ERROR","type":"CloudRunServiceNotFound","message":"Cloud Run service projects/warehouse-management-jeevs/locations/us-central1/services/api for the function was not found. The function will not work correctly. Please redeploy."}],"environment":"GEN_2","url":"https://us-central1-warehouse-management-jeevs.cloudfunctions.net/api"},"stages":[{"name":"BUILD","message":"Build in progress","state":"IN_PROGRESS","resource":"projects/1003032067991/locations/us-central1/builds/828ed52b-5c65-4fd0-9122-12bb566aaa9f","resourceUri":"https://console.cloud.google.com/cloud-build/builds;region=us-central1/828ed52b-5c65-4fd0-9122-12bb566aaa9f?project=1003032067991"},{"name":"SERVICE","state":"NOT_STARTED"}],"operationType":"UPDATE_FUNCTION","buildName":"projects/1003032067991/locations/us-central1/builds/828ed52b-5c65-4fd0-9122-12bb566aaa9f"},"done":false}
[debug] [2024-10-13T17:45:27.973Z] [update-default-us-central1-api] Retrying task index 0
[debug] [2024-10-13T17:45:27.974Z] Checked if tokens are valid: true, expires at: 1728845069256
[debug] [2024-10-13T17:45:27.974Z] Checked if tokens are valid: true, expires at: 1728845069256
[debug] [2024-10-13T17:45:27.974Z] >>> [apiv2][query] GET https://cloudfunctions.googleapis.com/v2/projects/warehouse-management-jeevs/locations/us-central1/operations/operation-1728841512806-6245f483e69a4-ed139436-de2a6ff0 [none]
[debug] [2024-10-13T17:45:29.476Z] <<< [apiv2][status] GET https://cloudfunctions.googleapis.com/v2/projects/warehouse-management-jeevs/locations/us-central1/operations/operation-1728841512806-6245f483e69a4-ed139436-de2a6ff0 200
[debug] [2024-10-13T17:45:29.477Z] <<< [apiv2][body] GET https://cloudfunctions.googleapis.com/v2/projects/warehouse-management-jeevs/locations/us-central1/operations/operation-1728841512806-6245f483e69a4-ed139436-de2a6ff0 {"name":"projects/warehouse-management-jeevs/locations/us-central1/operations/operation-1728841512806-6245f483e69a4-ed139436-de2a6ff0","metadata":{"@type":"type.googleapis.com/google.cloud.functions.v2.OperationMetadata","createTime":"2024-10-13T17:45:14.250391974Z","target":"projects/warehouse-management-jeevs/locations/us-central1/functions/api","verb":"update","cancelRequested":false,"apiVersion":"v2","requestResource":{"@type":"type.googleapis.com/google.cloud.functions.v2.Function","name":"projects/warehouse-management-jeevs/locations/us-central1/functions/api","buildConfig":{"runtime":"nodejs18","entryPoint":"api","source":{"storageSource":{"bucket":"gcf-v2-sources-1003032067991-us-central1","object":"api/function-source.zip","generation":"1728841514210562"}},"environmentVariables":{"GOOGLE_NODE_RUN_SCRIPTS":""},"dockerRepository":"projects/warehouse-management-jeevs/locations/us-central1/repositories/gcf-artifacts","sourceProvenance":{"resolvedStorageSource":{"bucket":"gcf-v2-sources-1003032067991-us-central1","object":"api/function-source.zip","generation":"1728766423151354"}},"dockerRegistry":"ARTIFACT_REGISTRY","serviceAccount":"projects/warehouse-management-jeevs/serviceAccounts/1003032067991-compute@developer.gserviceaccount.com","automaticUpdatePolicy":{}},"serviceConfig":{"service":"projects/warehouse-management-jeevs/locations/us-central1/services/api","timeoutSeconds":60,"environmentVariables":{"FIREBASE_CONFIG":"{\"projectId\":\"warehouse-management-jeevs\",\"storageBucket\":\"warehouse-management-jeevs.appspot.com\"}","GCLOUD_PROJECT":"warehouse-management-jeevs","EVENTARC_CLOUD_EVENT_SOURCE":"projects/warehouse-management-jeevs/locations/us-central1/services/api","FUNCTION_TARGET":"api","LOG_EXECUTION_ID":"true"},"ingressSettings":"ALLOW_ALL","serviceAccountEmail":"1003032067991-compute@developer.gserviceaccount.com","availableMemory":"256Mi","maxInstanceRequestConcurrency":80,"availableCpu":"1"},"state":"FAILED","labels":{"firebase-functions-hash":"7aec4dd1fa4314688ecabf930cf3de537214263a"},"stateMessages":[{"severity":"ERROR","type":"CloudRunServiceNotFound","message":"Cloud Run service projects/warehouse-management-jeevs/locations/us-central1/services/api for the function was not found. The function will not work correctly. Please redeploy."}],"environment":"GEN_2","url":"https://us-central1-warehouse-management-jeevs.cloudfunctions.net/api"},"stages":[{"name":"BUILD","message":"Build in progress","state":"IN_PROGRESS","resource":"projects/1003032067991/locations/us-central1/builds/828ed52b-5c65-4fd0-9122-12bb566aaa9f","resourceUri":"https://console.cloud.google.com/cloud-build/builds;region=us-central1/828ed52b-5c65-4fd0-9122-12bb566aaa9f?project=1003032067991"},{"name":"SERVICE","state":"NOT_STARTED"}],"operationType":"UPDATE_FUNCTION","buildName":"projects/1003032067991/locations/us-central1/builds/828ed52b-5c65-4fd0-9122-12bb566aaa9f"},"done":false}
[debug] [2024-10-13T17:45:37.493Z] [update-default-us-central1-api] Retrying task index 0
[debug] [2024-10-13T17:45:37.494Z] Checked if tokens are valid: true, expires at: 1728845069256
[debug] [2024-10-13T17:45:37.494Z] Checked if tokens are valid: true, expires at: 1728845069256
[debug] [2024-10-13T17:45:37.494Z] >>> [apiv2][query] GET https://cloudfunctions.googleapis.com/v2/projects/warehouse-management-jeevs/locations/us-central1/operations/operation-1728841512806-6245f483e69a4-ed139436-de2a6ff0 [none]
[debug] [2024-10-13T17:45:39.974Z] <<< [apiv2][status] GET https://cloudfunctions.googleapis.com/v2/projects/warehouse-management-jeevs/locations/us-central1/operations/operation-1728841512806-6245f483e69a4-ed139436-de2a6ff0 200
[debug] [2024-10-13T17:45:39.974Z] <<< [apiv2][body] GET https://cloudfunctions.googleapis.com/v2/projects/warehouse-management-jeevs/locations/us-central1/operations/operation-1728841512806-6245f483e69a4-ed139436-de2a6ff0 {"name":"projects/warehouse-management-jeevs/locations/us-central1/operations/operation-1728841512806-6245f483e69a4-ed139436-de2a6ff0","metadata":{"@type":"type.googleapis.com/google.cloud.functions.v2.OperationMetadata","createTime":"2024-10-13T17:45:14.250391974Z","target":"projects/warehouse-management-jeevs/locations/us-central1/functions/api","verb":"update","cancelRequested":false,"apiVersion":"v2","requestResource":{"@type":"type.googleapis.com/google.cloud.functions.v2.Function","name":"projects/warehouse-management-jeevs/locations/us-central1/functions/api","buildConfig":{"runtime":"nodejs18","entryPoint":"api","source":{"storageSource":{"bucket":"gcf-v2-sources-1003032067991-us-central1","object":"api/function-source.zip","generation":"1728841514210562"}},"environmentVariables":{"GOOGLE_NODE_RUN_SCRIPTS":""},"dockerRepository":"projects/warehouse-management-jeevs/locations/us-central1/repositories/gcf-artifacts","sourceProvenance":{"resolvedStorageSource":{"bucket":"gcf-v2-sources-1003032067991-us-central1","object":"api/function-source.zip","generation":"1728766423151354"}},"dockerRegistry":"ARTIFACT_REGISTRY","serviceAccount":"projects/warehouse-management-jeevs/serviceAccounts/1003032067991-compute@developer.gserviceaccount.com","automaticUpdatePolicy":{}},"serviceConfig":{"service":"projects/warehouse-management-jeevs/locations/us-central1/services/api","timeoutSeconds":60,"environmentVariables":{"FIREBASE_CONFIG":"{\"projectId\":\"warehouse-management-jeevs\",\"storageBucket\":\"warehouse-management-jeevs.appspot.com\"}","GCLOUD_PROJECT":"warehouse-management-jeevs","EVENTARC_CLOUD_EVENT_SOURCE":"projects/warehouse-management-jeevs/locations/us-central1/services/api","FUNCTION_TARGET":"api","LOG_EXECUTION_ID":"true"},"ingressSettings":"ALLOW_ALL","serviceAccountEmail":"1003032067991-compute@developer.gserviceaccount.com","availableMemory":"256Mi","maxInstanceRequestConcurrency":80,"availableCpu":"1"},"state":"FAILED","labels":{"firebase-functions-hash":"7aec4dd1fa4314688ecabf930cf3de537214263a"},"stateMessages":[{"severity":"ERROR","type":"CloudRunServiceNotFound","message":"Cloud Run service projects/warehouse-management-jeevs/locations/us-central1/services/api for the function was not found. The function will not work correctly. Please redeploy."}],"environment":"GEN_2","url":"https://us-central1-warehouse-management-jeevs.cloudfunctions.net/api"},"stages":[{"name":"BUILD","message":"Build in progress","state":"IN_PROGRESS","resource":"projects/1003032067991/locations/us-central1/builds/828ed52b-5c65-4fd0-9122-12bb566aaa9f","resourceUri":"https://console.cloud.google.com/cloud-build/builds;region=us-central1/828ed52b-5c65-4fd0-9122-12bb566aaa9f?project=1003032067991"},{"name":"SERVICE","state":"NOT_STARTED"}],"operationType":"UPDATE_FUNCTION","buildName":"projects/1003032067991/locations/us-central1/builds/828ed52b-5c65-4fd0-9122-12bb566aaa9f"},"done":false}
[debug] [2024-10-13T17:45:49.979Z] [update-default-us-central1-api] Retrying task index 0
[debug] [2024-10-13T17:45:49.980Z] Checked if tokens are valid: true, expires at: 1728845069256
[debug] [2024-10-13T17:45:49.980Z] Checked if tokens are valid: true, expires at: 1728845069256
[debug] [2024-10-13T17:45:49.980Z] >>> [apiv2][query] GET https://cloudfunctions.googleapis.com/v2/projects/warehouse-management-jeevs/locations/us-central1/operations/operation-1728841512806-6245f483e69a4-ed139436-de2a6ff0 [none]
[debug] [2024-10-13T17:45:51.811Z] <<< [apiv2][status] GET https://cloudfunctions.googleapis.com/v2/projects/warehouse-management-jeevs/locations/us-central1/operations/operation-1728841512806-6245f483e69a4-ed139436-de2a6ff0 200
[debug] [2024-10-13T17:45:51.811Z] <<< [apiv2][body] GET https://cloudfunctions.googleapis.com/v2/projects/warehouse-management-jeevs/locations/us-central1/operations/operation-1728841512806-6245f483e69a4-ed139436-de2a6ff0 {"name":"projects/warehouse-management-jeevs/locations/us-central1/operations/operation-1728841512806-6245f483e69a4-ed139436-de2a6ff0","metadata":{"@type":"type.googleapis.com/google.cloud.functions.v2.OperationMetadata","createTime":"2024-10-13T17:45:14.250391974Z","target":"projects/warehouse-management-jeevs/locations/us-central1/functions/api","verb":"update","cancelRequested":false,"apiVersion":"v2","requestResource":{"@type":"type.googleapis.com/google.cloud.functions.v2.Function","name":"projects/warehouse-management-jeevs/locations/us-central1/functions/api","buildConfig":{"runtime":"nodejs18","entryPoint":"api","source":{"storageSource":{"bucket":"gcf-v2-sources-1003032067991-us-central1","object":"api/function-source.zip","generation":"1728841514210562"}},"environmentVariables":{"GOOGLE_NODE_RUN_SCRIPTS":""},"dockerRepository":"projects/warehouse-management-jeevs/locations/us-central1/repositories/gcf-artifacts","sourceProvenance":{"resolvedStorageSource":{"bucket":"gcf-v2-sources-1003032067991-us-central1","object":"api/function-source.zip","generation":"1728766423151354"}},"dockerRegistry":"ARTIFACT_REGISTRY","serviceAccount":"projects/warehouse-management-jeevs/serviceAccounts/1003032067991-compute@developer.gserviceaccount.com","automaticUpdatePolicy":{}},"serviceConfig":{"service":"projects/warehouse-management-jeevs/locations/us-central1/services/api","timeoutSeconds":60,"environmentVariables":{"FIREBASE_CONFIG":"{\"projectId\":\"warehouse-management-jeevs\",\"storageBucket\":\"warehouse-management-jeevs.appspot.com\"}","GCLOUD_PROJECT":"warehouse-management-jeevs","EVENTARC_CLOUD_EVENT_SOURCE":"projects/warehouse-management-jeevs/locations/us-central1/services/api","FUNCTION_TARGET":"api","LOG_EXECUTION_ID":"true"},"ingressSettings":"ALLOW_ALL","serviceAccountEmail":"1003032067991-compute@developer.gserviceaccount.com","availableMemory":"256Mi","maxInstanceRequestConcurrency":80,"availableCpu":"1"},"state":"FAILED","labels":{"firebase-functions-hash":"7aec4dd1fa4314688ecabf930cf3de537214263a"},"stateMessages":[{"severity":"ERROR","type":"CloudRunServiceNotFound","message":"Cloud Run service projects/warehouse-management-jeevs/locations/us-central1/services/api for the function was not found. The function will not work correctly. Please redeploy."}],"environment":"GEN_2","url":"https://us-central1-warehouse-management-jeevs.cloudfunctions.net/api"},"stages":[{"name":"BUILD","message":"Build in progress","state":"IN_PROGRESS","resource":"projects/1003032067991/locations/us-central1/builds/828ed52b-5c65-4fd0-9122-12bb566aaa9f","resourceUri":"https://console.cloud.google.com/cloud-build/builds;region=us-central1/828ed52b-5c65-4fd0-9122-12bb566aaa9f?project=1003032067991"},{"name":"SERVICE","state":"NOT_STARTED"}],"operationType":"UPDATE_FUNCTION","buildName":"projects/1003032067991/locations/us-central1/builds/828ed52b-5c65-4fd0-9122-12bb566aaa9f"},"done":false}
[debug] [2024-10-13T17:46:01.811Z] [update-default-us-central1-api] Retrying task index 0
[debug] [2024-10-13T17:46:01.811Z] Checked if tokens are valid: true, expires at: 1728845069256
[debug] [2024-10-13T17:46:01.812Z] Checked if tokens are valid: true, expires at: 1728845069256
[debug] [2024-10-13T17:46:01.812Z] >>> [apiv2][query] GET https://cloudfunctions.googleapis.com/v2/projects/warehouse-management-jeevs/locations/us-central1/operations/operation-1728841512806-6245f483e69a4-ed139436-de2a6ff0 [none]
[debug] [2024-10-13T17:46:03.276Z] <<< [apiv2][status] GET https://cloudfunctions.googleapis.com/v2/projects/warehouse-management-jeevs/locations/us-central1/operations/operation-1728841512806-6245f483e69a4-ed139436-de2a6ff0 200
[debug] [2024-10-13T17:46:03.276Z] <<< [apiv2][body] GET https://cloudfunctions.googleapis.com/v2/projects/warehouse-management-jeevs/locations/us-central1/operations/operation-1728841512806-6245f483e69a4-ed139436-de2a6ff0 {"name":"projects/warehouse-management-jeevs/locations/us-central1/operations/operation-1728841512806-6245f483e69a4-ed139436-de2a6ff0","metadata":{"@type":"type.googleapis.com/google.cloud.functions.v2.OperationMetadata","createTime":"2024-10-13T17:45:14.250391974Z","target":"projects/warehouse-management-jeevs/locations/us-central1/functions/api","verb":"update","cancelRequested":false,"apiVersion":"v2","requestResource":{"@type":"type.googleapis.com/google.cloud.functions.v2.Function","name":"projects/warehouse-management-jeevs/locations/us-central1/functions/api","buildConfig":{"runtime":"nodejs18","entryPoint":"api","source":{"storageSource":{"bucket":"gcf-v2-sources-1003032067991-us-central1","object":"api/function-source.zip","generation":"1728841514210562"}},"environmentVariables":{"GOOGLE_NODE_RUN_SCRIPTS":""},"dockerRepository":"projects/warehouse-management-jeevs/locations/us-central1/repositories/gcf-artifacts","sourceProvenance":{"resolvedStorageSource":{"bucket":"gcf-v2-sources-1003032067991-us-central1","object":"api/function-source.zip","generation":"1728766423151354"}},"dockerRegistry":"ARTIFACT_REGISTRY","serviceAccount":"projects/warehouse-management-jeevs/serviceAccounts/1003032067991-compute@developer.gserviceaccount.com","automaticUpdatePolicy":{}},"serviceConfig":{"service":"projects/warehouse-management-jeevs/locations/us-central1/services/api","timeoutSeconds":60,"environmentVariables":{"FIREBASE_CONFIG":"{\"projectId\":\"warehouse-management-jeevs\",\"storageBucket\":\"warehouse-management-jeevs.appspot.com\"}","GCLOUD_PROJECT":"warehouse-management-jeevs","EVENTARC_CLOUD_EVENT_SOURCE":"projects/warehouse-management-jeevs/locations/us-central1/services/api","FUNCTION_TARGET":"api","LOG_EXECUTION_ID":"true"},"ingressSettings":"ALLOW_ALL","serviceAccountEmail":"1003032067991-compute@developer.gserviceaccount.com","availableMemory":"256Mi","maxInstanceRequestConcurrency":80,"availableCpu":"1"},"state":"FAILED","labels":{"firebase-functions-hash":"7aec4dd1fa4314688ecabf930cf3de537214263a"},"stateMessages":[{"severity":"ERROR","type":"CloudRunServiceNotFound","message":"Cloud Run service projects/warehouse-management-jeevs/locations/us-central1/services/api for the function was not found. The function will not work correctly. Please redeploy."}],"environment":"GEN_2","url":"https://us-central1-warehouse-management-jeevs.cloudfunctions.net/api"},"stages":[{"name":"BUILD","message":"Build in progress","state":"IN_PROGRESS","resource":"projects/1003032067991/locations/us-central1/builds/828ed52b-5c65-4fd0-9122-12bb566aaa9f","resourceUri":"https://console.cloud.google.com/cloud-build/builds;region=us-central1/828ed52b-5c65-4fd0-9122-12bb566aaa9f?project=1003032067991"},{"name":"SERVICE","state":"NOT_STARTED"}],"operationType":"UPDATE_FUNCTION","buildName":"projects/1003032067991/locations/us-central1/builds/828ed52b-5c65-4fd0-9122-12bb566aaa9f"},"done":false}
[debug] [2024-10-13T17:46:13.280Z] [update-default-us-central1-api] Retrying task index 0
[debug] [2024-10-13T17:46:13.280Z] Checked if tokens are valid: true, expires at: 1728845069256
[debug] [2024-10-13T17:46:13.280Z] Checked if tokens are valid: true, expires at: 1728845069256
[debug] [2024-10-13T17:46:13.281Z] >>> [apiv2][query] GET https://cloudfunctions.googleapis.com/v2/projects/warehouse-management-jeevs/locations/us-central1/operations/operation-1728841512806-6245f483e69a4-ed139436-de2a6ff0 [none]
[debug] [2024-10-13T17:46:14.831Z] <<< [apiv2][status] GET https://cloudfunctions.googleapis.com/v2/projects/warehouse-management-jeevs/locations/us-central1/operations/operation-1728841512806-6245f483e69a4-ed139436-de2a6ff0 200
[debug] [2024-10-13T17:46:14.832Z] <<< [apiv2][body] GET https://cloudfunctions.googleapis.com/v2/projects/warehouse-management-jeevs/locations/us-central1/operations/operation-1728841512806-6245f483e69a4-ed139436-de2a6ff0 {"name":"projects/warehouse-management-jeevs/locations/us-central1/operations/operation-1728841512806-6245f483e69a4-ed139436-de2a6ff0","metadata":{"@type":"type.googleapis.com/google.cloud.functions.v2.OperationMetadata","createTime":"2024-10-13T17:45:14.250391974Z","endTime":"2024-10-13T17:46:05.322751872Z","target":"projects/warehouse-management-jeevs/locations/us-central1/functions/api","verb":"update","cancelRequested":false,"apiVersion":"v2","requestResource":{"@type":"type.googleapis.com/google.cloud.functions.v2.Function","name":"projects/warehouse-management-jeevs/locations/us-central1/functions/api","buildConfig":{"runtime":"nodejs18","entryPoint":"api","source":{"storageSource":{"bucket":"gcf-v2-sources-1003032067991-us-central1","object":"api/function-source.zip","generation":"1728841514210562"}},"environmentVariables":{"GOOGLE_NODE_RUN_SCRIPTS":""},"dockerRepository":"projects/warehouse-management-jeevs/locations/us-central1/repositories/gcf-artifacts","sourceProvenance":{"resolvedStorageSource":{"bucket":"gcf-v2-sources-1003032067991-us-central1","object":"api/function-source.zip","generation":"1728766423151354"}},"dockerRegistry":"ARTIFACT_REGISTRY","serviceAccount":"projects/warehouse-management-jeevs/serviceAccounts/1003032067991-compute@developer.gserviceaccount.com","automaticUpdatePolicy":{}},"serviceConfig":{"service":"projects/warehouse-management-jeevs/locations/us-central1/services/api","timeoutSeconds":60,"environmentVariables":{"FIREBASE_CONFIG":"{\"projectId\":\"warehouse-management-jeevs\",\"storageBucket\":\"warehouse-management-jeevs.appspot.com\"}","GCLOUD_PROJECT":"warehouse-management-jeevs","EVENTARC_CLOUD_EVENT_SOURCE":"projects/warehouse-management-jeevs/locations/us-central1/services/api","FUNCTION_TARGET":"api","LOG_EXECUTION_ID":"true"},"ingressSettings":"ALLOW_ALL","serviceAccountEmail":"1003032067991-compute@developer.gserviceaccount.com","availableMemory":"256Mi","maxInstanceRequestConcurrency":80,"availableCpu":"1"},"state":"FAILED","labels":{"firebase-functions-hash":"7aec4dd1fa4314688ecabf930cf3de537214263a"},"stateMessages":[{"severity":"ERROR","type":"CloudRunServiceNotFound","message":"Cloud Run service projects/warehouse-management-jeevs/locations/us-central1/services/api for the function was not found. The function will not work correctly. Please redeploy."}],"environment":"GEN_2","url":"https://us-central1-warehouse-management-jeevs.cloudfunctions.net/api"},"stages":[{"name":"SERVICE","state":"NOT_STARTED"}],"operationType":"UPDATE_FUNCTION"},"done":true,"error":{"code":3,"message":"Build failed with status: FAILURE and message: npm error code EUSAGE\nnpm error\nnpm error `npm ci` can only install packages when your package.json and package-lock.json or npm-shrinkwrap.json are in sync. Please update your lock file with `npm install` before continuing.\nnpm error\nnpm error Missing: jest@29.7.0 from lock file\nnpm error Missing: @jest/core@29.7.0 from lock file\nnpm error Missing: @jest/types@29.6.3 from lock file\nnpm error Missing: import-local@3.2.0 from lock file\nnpm error Missing: jest-cli@29.7.0 from lock file\nnpm error Missing: @jest/console@29.7.0 from lock file\nnpm error Missing: @jest/reporters@29.7.0 from lock file\nnpm error Missing: @jest/test-result@29.7.0 from lock file\nnpm error Missing: @jest/transform@29.7.0 from lock file\nnpm error Missing: ansi-escapes@4.3.2 from lock file\nnpm error Missing: chalk@4.1.2 from lock file\nnpm error Missing: ci-info@3.9.0 from lock file\nnpm error Missing: exit@0.1.2 from lock file\nnpm error Missing: graceful-fs@4.2.11 from lock file\nnpm error Missing: jest-changed-files@29.7.0 from lock file\nnpm error Missing: jest-config@29.7.0 from lock file\nnpm error Missing: jest-haste-map@29.7.0 from lock file\nnpm error Missing: jest-message-util@29.7.0 from lock file\nnpm error Missing: jest-regex-util@29.6.3 from lock file\nnpm error Missing: jest-resolve@29.7.0 from lock file\nnpm error Missing: jest-resolve-dependencies@29.7.0 from lock file\nnpm error Missing: jest-runner@29.7.0 from lock file\nnpm error Missing: jest-runtime@29.7.0 from lock file\nnpm error Missing: jest-snapshot@29.7.0 from lock file\nnpm error Missing: jest-util@29.7.0 from lock file\nnpm error Missing: jest-validate@29.7.0 from lock file\nnpm error Missing: jest-watcher@29.7.0 from lock file\nnpm error Missing: micromatch@4.0.8 from lock file\nnpm error Missing: pretty-format@29.7.0 from lock file\nnpm error Missing: slash@3.0.0 from lock file\nnpm error Missing: @bcoe/v8-coverage@0.2.3 from lock file\nnpm error Missing: @jridgewell/trace-mapping@0.3.25 from lock file\nnpm error Missing: collect-v8-coverage@1.0.2 from lock file\nnpm error Missing: glob@7.2.3 from lock file\nnpm error Missing: istanbul-lib-coverage@3.2.2 from lock file\nnpm error Missing: istanbul-lib-instrument@6.0.3 from lock file\nnpm error Missing: istanbul-lib-report@3.0.1 from lock file\nnpm error Missing: istanbul-lib-source-maps@4.0.1 from lock file\nnpm error Missing: istanbul-reports@3.1.7 from lock file\nnpm error Missing: jest-worker@29.7.0 from lock file\nnpm error Missing: string-length@4.0.2 from lock file\nnpm error Missing: v8-to-istanbul@9.3.0 from lock file\nnpm error Missing: @types/istanbul-lib-coverage@2.0.6 from lock file\nnpm error Missing: @babel/core@7.25.8 from lock file\nnpm error Missing: babel-plugin-istanbul@6.1.1 from lock file\nnpm error Missing: convert-source-map@2.0.0 from lock file\nnpm error Missing: fast-json-stable-stringify@2.1.0 from lock file\nnpm error Missing: pirates@4.0.6 from lock file\nnpm error Missing: write-file-atomic@4.0.2 from lock file\nnpm error Missing: @ampproject/remapping@2.3.0 from lock file\nnpm error Missing: @babel/code-frame@7.25.7 from lock file\nnpm error Missing: @babel/generator@7.25.7 from lock file\nnpm error Missing: @babel/helper-compilation-targets@7.25.7 from lock file\nnpm error Missing: @babel/helper-module-transforms@7.25.7 from lock file\nnpm error Missing: @babel/helpers@7.25.7 from lock file\nnpm error Missing: @babel/parser@7.25.8 from lock file\nnpm error Missing: @babel/template@7.25.7 from lock file\nnpm error Missing: @babel/traverse@7.25.7 from lock file\nnpm error Missing: @babel/types@7.25.8 from lock file\nnpm error Missing: debug@4.3.7 from lock file\nnpm error Missing: gensync@1.0.0-beta.2 from lock file\nnpm error Missing: json5@2.2.3 from lock file\nnpm error Missing: semver@6.3.1 from lock file\nnpm error Missing: @jridgewell/gen-mapping@0.3.5 from lock file\nnpm error Missing: @babel/highlight@7.25.7 from lock file\nnpm error Missing: picocolors@1.1.0 from lock file\nnpm error Missing: jsesc@3.0.2 from lock file\nnpm error Missing: @babel/compat-data@7.25.8 from lock file\nnpm error Missing: @babel/helper-validator-option@7.25.7 from lock file\nnpm error Missing: browserslist@4.24.0 from lock file\nnpm error Missing: lru-cache@5.1.1 from lock file\nnpm error Missing: semver@6.3.1 from lock file\nnpm error Missing: @babel/helper-module-imports@7.25.7 from lock file\nnpm error Missing: @babel/helper-simple-access@7.25.7 from lock file\nnpm error Missing: @babel/helper-validator-identifier@7.25.7 from lock file\nnpm error Missing: chalk@2.4.2 from lock file\nnpm error Missing: js-tokens@4.0.0 from lock file\nnpm error Missing: debug@4.3.7 from lock file\nnpm error Missing: globals@11.12.0 from lock file\nnpm error Missing: @babel/helper-string-parser@7.25.7 from lock file\nnpm error Missing: to-fast-properties@2.0.0 from lock file\nnpm error Missing: @jest/schemas@29.6.3 from lock file\nnpm error Missing: @types/istanbul-reports@3.0.4 from lock file\nnpm error Missing: @types/yargs@17.0.33 from lock file\nnpm error Missing: @sinclair/typebox@0.27.8 from lock file\nnpm error Missing: @jridgewell/set-array@1.2.1 from lock file\nnpm error Missing: @jridgewell/sourcemap-codec@1.5.0 from lock file\nnpm error Missing: @jridgewell/resolve-uri@3.1.2 from lock file\nnpm error Missing: @types/istanbul-lib-report@3.0.3 from lock file\nnpm error Missing: @types/yargs-parser@21.0.3 from lock file\nnpm error Missing: type-fest@0.21.3 from lock file\nnpm error Missing: @babel/helper-plugin-utils@7.25.7 from lock file\nnpm error Missing: @istanbuljs/load-nyc-config@1.1.0 from lock file\nnpm error Missing: @istanbuljs/schema@0.1.3 from lock file\nnpm error Missing: istanbul-lib-instrument@5.2.1 from lock file\nnpm error Missing: test-exclude@6.0.0 from lock file\nnpm error Missing: camelcase@5.3.1 from lock file\nnpm error Missing: find-up@4.1.0 from lock file\nnpm error Missing: get-package-type@0.1.0 from lock file\nnpm error Missing: js-yaml@3.14.1 from lock file\nnpm error Missing: resolve-from@5.0.0 from lock file\nnpm error Missing: caniuse-lite@1.0.30001668 from lock file\nnpm error Missing: electron-to-chromium@1.5.36 from lock file\nnpm error Missing: node-releases@2.0.18 from lock file\nnpm error Missing: update-browserslist-db@1.1.1 from lock file\nnpm error Missing: supports-color@7.2.0 from lock file\nnpm error Missing: locate-path@5.0.0 from lock file\nnpm error Missing: path-exists@4.0.0 from lock file\nnpm error Missing: fs.realpath@1.0.0 from lock file\nnpm error Missing: inflight@1.0.6 from lock file\nnpm error Missing: minimatch@3.1.2 from lock file\nnpm error Missing: path-is-absolute@1.0.1 from lock file\nnpm error Missing: pkg-dir@4.2.0 from lock file\nnpm error Missing: resolve-cwd@3.0.0 from lock file\nnpm error Missing: make-dir@4.0.0 from lock file\nnpm error Missing: debug@4.3.7 from lock file\nnpm error Missing: source-map@0.6.1 from lock file\nnpm error Missing: html-escaper@2.0.2 from lock file\nnpm error Missing: execa@5.1.1 from lock file\nnpm error Missing: cross-spawn@7.0.3 from lock file\nnpm error Missing: get-stream@6.0.1 from lock file\nnpm error Missing: human-signals@2.1.0 from lock file\nnpm error Missing: merge-stream@2.0.0 from lock file\nnpm error Missing: npm-run-path@4.0.1 from lock file\nnpm error Missing: onetime@5.1.2 from lock file\nnpm error Missing: signal-exit@3.0.7 from lock file\nnpm error Missing: strip-final-newline@2.0.0 from lock file\nnpm error Missing: path-key@3.1.1 from lock file\nnpm error Missing: shebang-command@2.0.0 from lock file\nnpm error Missing: which@2.0.2 from lock file\nnpm error Missing: create-jest@29.7.0 from lock file\nnpm error Missing: prompts@2.4.2 from lock file\nnpm error Missing: @jest/test-sequencer@29.7.0 from lock file\nnpm error Missing: babel-jest@29.7.0 from lock file\nnpm error Missing: deepmerge@4.3.1 from lock file\nnpm error Missing: jest-circus@29.7.0 from lock file\nnpm error Missing: jest-environment-node@29.7.0 from lock file\nnpm error Missing: jest-get-type@29.6.3 from lock file\nnpm error Missing: parse-json@5.2.0 from lock file\nnpm error Missing: strip-json-comments@3.1.1 from lock file\nnpm error Missing: @types/babel__core@7.20.5 from lock file\nnpm error Missing: babel-preset-jest@29.6.3 from lock file\nnpm error Missing: @types/babel__generator@7.6.8 from lock file\nnpm error Missing: @types/babel__template@7.4.4 from lock file\nnpm error Missing: @types/babel__traverse@7.20.6 from lock file\nnpm error Missing: babel-plugin-jest-hoist@29.6.3 from lock file\nnpm error Missing: babel-preset-current-node-syntax@1.1.0 from lock file\nnpm error Missing: @babel/plugin-syntax-async-generators@7.8.4 from lock file\nnpm error Missing: @babel/plugin-syntax-bigint@7.8.3 from lock file\nnpm error Missing: @babel/plugin-syntax-class-properties@7.12.13 from lock file\nnpm error Missing: @babel/plugin-syntax-class-static-block@7.14.5 from lock file\nnpm error Missing: @babel/plugin-syntax-import-attributes@7.25.7 from lock file\nnpm error Missing: @babel/plugin-syntax-import-meta@7.10.4 from lock file\nnpm error Missing: @babel/plugin-syntax-json-strings@7.8.3 from lock file\nnpm error Missing: @babel/plugin-syntax-logical-assignment-operators@7.10.4 from lock file\nnpm error Missing: @babel/plugin-syntax-nullish-coalescing-operator@7.8.3 from lock file\nnpm error Missing: @babel/plugin-syntax-numeric-separator@7.10.4 from lock file\nnpm error Missing: @babel/plugin-syntax-object-rest-spread@7.8.3 from lock file\nnpm error Missing: @babel/plugin-syntax-optional-catch-binding@7.8.3 from lock file\nnpm error Missing: @babel/plugin-syntax-optional-chaining@7.8.3 from lock file\nnpm error Missing: @babel/plugin-syntax-private-property-in-object@7.14.5 from lock file\nnpm error Missing: @babel/plugin-syntax-top-level-await@7.14.5 from lock file\nnpm error Missing: @jest/environment@29.7.0 from lock file\nnpm error Missing: @jest/expect@29.7.0 from lock file\nnpm error Missing: co@4.6.0 from lock file\nnpm error Missing: dedent@1.5.3 from lock file\nnpm error Missing: is-generator-fn@2.1.0 from lock file\nnpm error Missing: jest-each@29.7.0 from lock file\nnpm error Missing: jest-matcher-utils@29.7.0 from lock file\nnpm error Missing: pure-rand@6.1.0 from lock file\nnpm error Missing: stack-utils@2.0.6 from lock file\nnpm error Missing: @jest/fake-timers@29.7.0 from lock file\nnpm error Missing: jest-mock@29.7.0 from lock file\nnpm error Missing: expect@29.7.0 from lock file\nnpm error Missing: @sinonjs/fake-timers@10.3.0 from lock file\nnpm error Missing: @sinonjs/commons@3.0.1 from lock file\nnpm error Missing: type-detect@4.0.8 from lock file\nnpm error Missing: @jest/expect-utils@29.7.0 from lock file\nnpm error Missing: @types/graceful-fs@4.1.9 from lock file\nnpm error Missing: anymatch@3.1.3 from lock file\nnpm error Missing: fb-watchman@2.0.2 from lock file\nnpm error Missing: fsevents@2.3.3 from lock file\nnpm error Missing: walker@1.0.8 from lock file\nnpm error Missing: normalize-path@3.0.0 from lock file\nnpm error Missing: picomatch@2.3.1 from lock file\nnpm error Missing: bser@2.1.1 from lock file\nnpm error Missing: node-int64@0.4.0 from lock file\nnpm error Missing: jest-diff@29.7.0 from lock file\nnpm error Missing: diff-sequences@29.6.3 from lock file\nnpm error Missing: @types/stack-utils@2.0.3 from lock file\nnpm error Missing: jest-pnp-resolver@1.2.3 from lock file\nnpm error Missing: resolve@1.22.8 from lock file\nnpm error Missing: resolve.exports@2.0.2 from lock file\nnpm error Missing: emittery@0.13.1 from lock file\nnpm error Missing: jest-docblock@29.7.0 from lock file\nnpm error Missing: jest-leak-detector@29.7.0 from lock file\nnpm error Missing: source-map-support@0.5.13 from lock file\nnpm error Missing: detect-newline@3.1.0 from lock file\nnpm error Missing: @jest/globals@29.7.0 from lock file\nnpm error Missing: @jest/source-map@29.6.3 from lock file\nnpm error Missing: cjs-module-lexer@1.4.1 from lock file\nnpm error Missing: strip-bom@4.0.0 from lock file\nnpm error Missing: callsites@3.1.0 from lock file\nnpm error Missing: @babel/plugin-syntax-jsx@7.25.7 from lock file\nnpm error Missing: @babel/plugin-syntax-typescript@7.25.7 from lock file\nnpm error Missing: natural-compare@1.4.0 from lock file\nnpm error Missing: camelcase@6.3.0 from lock file\nnpm error Missing: leven@3.1.0 from lock file\nnpm error Missing: supports-color@8.1.1 from lock file\nnpm error Missing: argparse@1.0.10 from lock file\nnpm error Missing: esprima@4.0.1 from lock file\nnpm error Missing: sprintf-js@1.0.3 from lock file\nnpm error Missing: p-locate@4.1.0 from lock file\nnpm error Missing: braces@3.0.3 from lock file\nnpm error Missing: fill-range@7.1.1 from lock file\nnpm error Missing: to-regex-range@5.0.1 from lock file\nnpm error Missing: brace-expansion@1.1.11 from lock file\nnpm error Missing: balanced-match@1.0.2 from lock file\nnpm error Missing: concat-map@0.0.1 from lock file\nnpm error Missing: mimic-fn@2.1.0 from lock file\nnpm error Missing: p-limit@2.3.0 from lock file\nnpm error Missing: error-ex@1.3.2 from lock file\nnpm error Missing: json-parse-even-better-errors@2.3.1 from lock file\nnpm error Missing: lines-and-columns@1.2.4 from lock file\nnpm error Missing: is-arrayish@0.2.1 from lock file\nnpm error Missing: ansi-styles@5.2.0 from lock file\nnpm error Missing: react-is@18.3.1 from lock file\nnpm error Missing: kleur@3.0.3 from lock file\nnpm error Missing: sisteransi@1.0.5 from lock file\nnpm error Missing: is-core-module@2.15.1 from lock file\nnpm error Missing: path-parse@1.0.7 from lock file\nnpm error Missing: supports-preserve-symlinks-flag@1.0.0 from lock file\nnpm error Missing: shebang-regex@3.0.0 from lock file\nnpm error Missing: buffer-from@1.1.2 from lock file\nnpm error Missing: escape-string-regexp@2.0.0 from lock file\nnpm error Missing: char-regex@1.0.2 from lock file\nnpm error Missing: has-flag@4.0.0 from lock file\nnpm error Missing: is-number@7.0.0 from lock file\nnpm error Missing: makeerror@1.0.12 from lock file\nnpm error Missing: tmpl@1.0.5 from lock file\nnpm error Missing: isexe@2.0.0 from lock file\nnpm error Missing: imurmurhash@0.1.4 from lock file\nnpm error Missing: ms@2.1.3 from lock file\nnpm error Missing: yallist@3.1.1 from lock file\nnpm error Missing: ansi-styles@3.2.1 from lock file\nnpm error Missing: escape-string-regexp@1.0.5 from lock file\nnpm error Missing: supports-color@5.5.0 from lock file\nnpm error Missing: color-convert@1.9.3 from lock file\nnpm error Missing: color-name@1.1.3 from lock file\nnpm error Missing: has-flag@3.0.0 from lock file\nnpm error Missing: ms@2.1.3 from lock file\nnpm error Missing: semver@6.3.1 from lock file\nnpm error Missing: ms@2.1.3 from lock file\nnpm error Missing: p-try@2.2.0 from lock file\nnpm error\nnpm error Clean install a project\nnpm error\nnpm error Usage:\nnpm error npm ci\nnpm error\nnpm error Options:\nnpm error [--install-strategy <hoisted|nested|shallow|linked>] [--legacy-bundling]\nnpm error [--global-style] [--omit <dev|optional|peer> [--omit <dev|optional|peer> ...]]\nnpm error [--include <prod|dev|optional|peer> [--include <prod|dev|optional|peer> ...]]\nnpm error [--strict-peer-deps] [--foreground-scripts] [--ignore-scripts] [--no-audit]\nnpm error [--no-bin-links] [--no-fund] [--dry-run]\nnpm error [-w|--workspace <workspace-name> [-w|--workspace <workspace-name> ...]]\nnpm error [-ws|--workspaces] [--include-workspace-root] [--install-links]\nnpm error\nnpm error aliases: clean-install, ic, install-clean, isntall-clean\nnpm error\nnpm error Run \"npm help ci\" for more info\n\nnpm error A complete log of this run can be found in: /www-data-home/.npm/_logs/2024-10-13T17_45_32_383Z-debug-0.log. For more details see the logs at https://console.cloud.google.com/cloud-build/builds;region=us-central1/828ed52b-5c65-4fd0-9122-12bb566aaa9f?project=1003032067991."}}
[debug] [2024-10-13T17:46:14.832Z] Got source token undefined for region us-central1
[error] Build failed with status: FAILURE and message: npm error code EUSAGE
npm error
npm error `npm ci` can only install packages when your package.json and package-lock.json or npm-shrinkwrap.json are in sync. Please update your lock file with `npm install` before continuing.
npm error
npm error Missing: jest@29.7.0 from lock file
npm error Missing: @jest/core@29.7.0 from lock file
npm error Missing: @jest/types@29.6.3 from lock file
npm error Missing: import-local@3.2.0 from lock file
npm error Missing: jest-cli@29.7.0 from lock file
npm error Missing: @jest/console@29.7.0 from lock file
npm error Missing: @jest/reporters@29.7.0 from lock file
npm error Missing: @jest/test-result@29.7.0 from lock file
npm error Missing: @jest/transform@29.7.0 from lock file
npm error Missing: ansi-escapes@4.3.2 from lock file
npm error Missing: chalk@4.1.2 from lock file
npm error Missing: ci-info@3.9.0 from lock file
npm error Missing: exit@0.1.2 from lock file
npm error Missing: graceful-fs@4.2.11 from lock file
npm error Missing: jest-changed-files@29.7.0 from lock file
npm error Missing: jest-config@29.7.0 from lock file
npm error Missing: jest-haste-map@29.7.0 from lock file
npm error Missing: jest-message-util@29.7.0 from lock file
npm error Missing: jest-regex-util@29.6.3 from lock file
npm error Missing: jest-resolve@29.7.0 from lock file
npm error Missing: jest-resolve-dependencies@29.7.0 from lock file
npm error Missing: jest-runner@29.7.0 from lock file
npm error Missing: jest-runtime@29.7.0 from lock file
npm error Missing: jest-snapshot@29.7.0 from lock file
npm error Missing: jest-util@29.7.0 from lock file
npm error Missing: jest-validate@29.7.0 from lock file
npm error Missing: jest-watcher@29.7.0 from lock file
npm error Missing: micromatch@4.0.8 from lock file
npm error Missing: pretty-format@29.7.0 from lock file
npm error Missing: slash@3.0.0 from lock file
npm error Missing: @bcoe/v8-coverage@0.2.3 from lock file
npm error Missing: @jridgewell/trace-mapping@0.3.25 from lock file
npm error Missing: collect-v8-coverage@1.0.2 from lock file
npm error Missing: glob@7.2.3 from lock file
npm error Missing: istanbul-lib-coverage@3.2.2 from lock file
npm error Missing: istanbul-lib-instrument@6.0.3 from lock file
npm error Missing: istanbul-lib-report@3.0.1 from lock file
npm error Missing: istanbul-lib-source-maps@4.0.1 from lock file
npm error Missing: istanbul-reports@3.1.7 from lock file
npm error Missing: jest-worker@29.7.0 from lock file
npm error Missing: string-length@4.0.2 from lock file
npm error Missing: v8-to-istanbul@9.3.0 from lock file
npm error Missing: @types/istanbul-lib-coverage@2.0.6 from lock file
npm error Missing: @babel/core@7.25.8 from lock file
npm error Missing: babel-plugin-istanbul@6.1.1 from lock file
npm error Missing: convert-source-map@2.0.0 from lock file
npm error Missing: fast-json-stable-stringify@2.1.0 from lock file
npm error Missing: pirates@4.0.6 from lock file
npm error Missing: write-file-atomic@4.0.2 from lock file
npm error Missing: @ampproject/remapping@2.3.0 from lock file
npm error Missing: @babel/code-frame@7.25.7 from lock file
npm error Missing: @babel/generator@7.25.7 from lock file
npm error Missing: @babel/helper-compilation-targets@7.25.7 from lock file
npm error Missing: @babel/helper-module-transforms@7.25.7 from lock file
npm error Missing: @babel/helpers@7.25.7 from lock file
npm error Missing: @babel/parser@7.25.8 from lock file
npm error Missing: @babel/template@7.25.7 from lock file
npm error Missing: @babel/traverse@7.25.7 from lock file
npm error Missing: @babel/types@7.25.8 from lock file
npm error Missing: debug@4.3.7 from lock file
npm error Missing: gensync@1.0.0-beta.2 from lock file
npm error Missing: json5@2.2.3 from lock file
npm error Missing: semver@6.3.1 from lock file
npm error Missing: @jridgewell/gen-mapping@0.3.5 from lock file
npm error Missing: @babel/highlight@7.25.7 from lock file
npm error Missing: picocolors@1.1.0 from lock file
npm error Missing: jsesc@3.0.2 from lock file
npm error Missing: @babel/compat-data@7.25.8 from lock file
npm error Missing: @babel/helper-validator-option@7.25.7 from lock file
npm error Missing: browserslist@4.24.0 from lock file
npm error Missing: lru-cache@5.1.1 from lock file
npm error Missing: semver@6.3.1 from lock file
npm error Missing: @babel/helper-module-imports@7.25.7 from lock file
npm error Missing: @babel/helper-simple-access@7.25.7 from lock file
npm error Missing: @babel/helper-validator-identifier@7.25.7 from lock file
npm error Missing: chalk@2.4.2 from lock file
npm error Missing: js-tokens@4.0.0 from lock file
npm error Missing: debug@4.3.7 from lock file
npm error Missing: globals@11.12.0 from lock file
npm error Missing: @babel/helper-string-parser@7.25.7 from lock file
npm error Missing: to-fast-properties@2.0.0 from lock file
npm error Missing: @jest/schemas@29.6.3 from lock file
npm error Missing: @types/istanbul-reports@3.0.4 from lock file
npm error Missing: @types/yargs@17.0.33 from lock file
npm error Missing: @sinclair/typebox@0.27.8 from lock file
npm error Missing: @jridgewell/set-array@1.2.1 from lock file
npm error Missing: @jridgewell/sourcemap-codec@1.5.0 from lock file
npm error Missing: @jridgewell/resolve-uri@3.1.2 from lock file
npm error Missing: @types/istanbul-lib-report@3.0.3 from lock file
npm error Missing: @types/yargs-parser@21.0.3 from lock file
npm error Missing: type-fest@0.21.3 from lock file
npm error Missing: @babel/helper-plugin-utils@7.25.7 from lock file
npm error Missing: @istanbuljs/load-nyc-config@1.1.0 from lock file
npm error Missing: @istanbuljs/schema@0.1.3 from lock file
npm error Missing: istanbul-lib-instrument@5.2.1 from lock file
npm error Missing: test-exclude@6.0.0 from lock file
npm error Missing: camelcase@5.3.1 from lock file
npm error Missing: find-up@4.1.0 from lock file
npm error Missing: get-package-type@0.1.0 from lock file
npm error Missing: js-yaml@3.14.1 from lock file
npm error Missing: resolve-from@5.0.0 from lock file
npm error Missing: caniuse-lite@1.0.30001668 from lock file
npm error Missing: electron-to-chromium@1.5.36 from lock file
npm error Missing: node-releases@2.0.18 from lock file
npm error Missing: update-browserslist-db@1.1.1 from lock file
npm error Missing: supports-color@7.2.0 from lock file
npm error Missing: locate-path@5.0.0 from lock file
npm error Missing: path-exists@4.0.0 from lock file
npm error Missing: fs.realpath@1.0.0 from lock file
npm error Missing: inflight@1.0.6 from lock file
npm error Missing: minimatch@3.1.2 from lock file
npm error Missing: path-is-absolute@1.0.1 from lock file
npm error Missing: pkg-dir@4.2.0 from lock file
npm error Missing: resolve-cwd@3.0.0 from lock file
npm error Missing: make-dir@4.0.0 from lock file
npm error Missing: debug@4.3.7 from lock file
npm error Missing: source-map@0.6.1 from lock file
npm error Missing: html-escaper@2.0.2 from lock file
npm error Missing: execa@5.1.1 from lock file
npm error Missing: cross-spawn@7.0.3 from lock file
npm error Missing: get-stream@6.0.1 from lock file
npm error Missing: human-signals@2.1.0 from lock file
npm error Missing: merge-stream@2.0.0 from lock file
npm error Missing: npm-run-path@4.0.1 from lock file
npm error Missing: onetime@5.1.2 from lock file
npm error Missing: signal-exit@3.0.7 from lock file
npm error Missing: strip-final-newline@2.0.0 from lock file
npm error Missing: path-key@3.1.1 from lock file
npm error Missing: shebang-command@2.0.0 from lock file
npm error Missing: which@2.0.2 from lock file
npm error Missing: create-jest@29.7.0 from lock file
npm error Missing: prompts@2.4.2 from lock file
npm error Missing: @jest/test-sequencer@29.7.0 from lock file
npm error Missing: babel-jest@29.7.0 from lock file
npm error Missing: deepmerge@4.3.1 from lock file
npm error Missing: jest-circus@29.7.0 from lock file
npm error Missing: jest-environment-node@29.7.0 from lock file
npm error Missing: jest-get-type@29.6.3 from lock file
npm error Missing: parse-json@5.2.0 from lock file
npm error Missing: strip-json-comments@3.1.1 from lock file
npm error Missing: @types/babel__core@7.20.5 from lock file
npm error Missing: babel-preset-jest@29.6.3 from lock file
npm error Missing: @types/babel__generator@7.6.8 from lock file
npm error Missing: @types/babel__template@7.4.4 from lock file
npm error Missing: @types/babel__traverse@7.20.6 from lock file
npm error Missing: babel-plugin-jest-hoist@29.6.3 from lock file
npm error Missing: babel-preset-current-node-syntax@1.1.0 from lock file
npm error Missing: @babel/plugin-syntax-async-generators@7.8.4 from lock file
npm error Missing: @babel/plugin-syntax-bigint@7.8.3 from lock file
npm error Missing: @babel/plugin-syntax-class-properties@7.12.13 from lock file
npm error Missing: @babel/plugin-syntax-class-static-block@7.14.5 from lock file
npm error Missing: @babel/plugin-syntax-import-attributes@7.25.7 from lock file
npm error Missing: @babel/plugin-syntax-import-meta@7.10.4 from lock file
npm error Missing: @babel/plugin-syntax-json-strings@7.8.3 from lock file
npm error Missing: @babel/plugin-syntax-logical-assignment-operators@7.10.4 from lock file
npm error Missing: @babel/plugin-syntax-nullish-coalescing-operator@7.8.3 from lock file
npm error Missing: @babel/plugin-syntax-numeric-separator@7.10.4 from lock file
npm error Missing: @babel/plugin-syntax-object-rest-spread@7.8.3 from lock file
npm error Missing: @babel/plugin-syntax-optional-catch-binding@7.8.3 from lock file
npm error Missing: @babel/plugin-syntax-optional-chaining@7.8.3 from lock file
npm error Missing: @babel/plugin-syntax-private-property-in-object@7.14.5 from lock file
npm error Missing: @babel/plugin-syntax-top-level-await@7.14.5 from lock file
npm error Missing: @jest/environment@29.7.0 from lock file
npm error Missing: @jest/expect@29.7.0 from lock file
npm error Missing: co@4.6.0 from lock file
npm error Missing: dedent@1.5.3 from lock file
npm error Missing: is-generator-fn@2.1.0 from lock file
npm error Missing: jest-each@29.7.0 from lock file
npm error Missing: jest-matcher-utils@29.7.0 from lock file
npm error Missing: pure-rand@6.1.0 from lock file
npm error Missing: stack-utils@2.0.6 from lock file
npm error Missing: @jest/fake-timers@29.7.0 from lock file
npm error Missing: jest-mock@29.7.0 from lock file
npm error Missing: expect@29.7.0 from lock file
npm error Missing: @sinonjs/fake-timers@10.3.0 from lock file
npm error Missing: @sinonjs/commons@3.0.1 from lock file
npm error Missing: type-detect@4.0.8 from lock file
npm error Missing: @jest/expect-utils@29.7.0 from lock file
npm error Missing: @types/graceful-fs@4.1.9 from lock file
npm error Missing: anymatch@3.1.3 from lock file
npm error Missing: fb-watchman@2.0.2 from lock file
npm error Missing: fsevents@2.3.3 from lock file
npm error Missing: walker@1.0.8 from lock file
npm error Missing: normalize-path@3.0.0 from lock file
npm error Missing: picomatch@2.3.1 from lock file
npm error Missing: bser@2.1.1 from lock file
npm error Missing: node-int64@0.4.0 from lock file
npm error Missing: jest-diff@29.7.0 from lock file
npm error Missing: diff-sequences@29.6.3 from lock file
npm error Missing: @types/stack-utils@2.0.3 from lock file
npm error Missing: jest-pnp-resolver@1.2.3 from lock file
npm error Missing: resolve@1.22.8 from lock file
npm error Missing: resolve.exports@2.0.2 from lock file
npm error Missing: emittery@0.13.1 from lock file
npm error Missing: jest-docblock@29.7.0 from lock file
npm error Missing: jest-leak-detector@29.7.0 from lock file
npm error Missing: source-map-support@0.5.13 from lock file
npm error Missing: detect-newline@3.1.0 from lock file
npm error Missing: @jest/globals@29.7.0 from lock file
npm error Missing: @jest/source-map@29.6.3 from lock file
npm error Missing: cjs-module-lexer@1.4.1 from lock file
npm error Missing: strip-bom@4.0.0 from lock file
npm error Missing: callsites@3.1.0 from lock file
npm error Missing: @babel/plugin-syntax-jsx@7.25.7 from lock file
npm error Missing: @babel/plugin-syntax-typescript@7.25.7 from lock file
npm error Missing: natural-compare@1.4.0 from lock file
npm error Missing: camelcase@6.3.0 from lock file
npm error Missing: leven@3.1.0 from lock file
npm error Missing: supports-color@8.1.1 from lock file
npm error Missing: argparse@1.0.10 from lock file
npm error Missing: esprima@4.0.1 from lock file
npm error Missing: sprintf-js@1.0.3 from lock file
npm error Missing: p-locate@4.1.0 from lock file
npm error Missing: braces@3.0.3 from lock file
npm error Missing: fill-range@7.1.1 from lock file
npm error Missing: to-regex-range@5.0.1 from lock file
npm error Missing: brace-expansion@1.1.11 from lock file
npm error Missing: balanced-match@1.0.2 from lock file
npm error Missing: concat-map@0.0.1 from lock file
npm error Missing: mimic-fn@2.1.0 from lock file
npm error Missing: p-limit@2.3.0 from lock file
npm error Missing: error-ex@1.3.2 from lock file
npm error Missing: json-parse-even-better-errors@2.3.1 from lock file
npm error Missing: lines-and-columns@1.2.4 from lock file
npm error Missing: is-arrayish@0.2.1 from lock file
npm error Missing: ansi-styles@5.2.0 from lock file
npm error Missing: react-is@18.3.1 from lock file
npm error Missing: kleur@3.0.3 from lock file
npm error Missing: sisteransi@1.0.5 from lock file
npm error Missing: is-core-module@2.15.1 from lock file
npm error Missing: path-parse@1.0.7 from lock file
npm error Missing: supports-preserve-symlinks-flag@1.0.0 from lock file
npm error Missing: shebang-regex@3.0.0 from lock file
npm error Missing: buffer-from@1.1.2 from lock file
npm error Missing: escape-string-regexp@2.0.0 from lock file
npm error Missing: char-regex@1.0.2 from lock file
npm error Missing: has-flag@4.0.0 from lock file
npm error Missing: is-number@7.0.0 from lock file
npm error Missing: makeerror@1.0.12 from lock file
npm error Missing: tmpl@1.0.5 from lock file
npm error Missing: isexe@2.0.0 from lock file
npm error Missing: imurmurhash@0.1.4 from lock file
npm error Missing: ms@2.1.3 from lock file
npm error Missing: yallist@3.1.1 from lock file
npm error Missing: ansi-styles@3.2.1 from lock file
npm error Missing: escape-string-regexp@1.0.5 from lock file
npm error Missing: supports-color@5.5.0 from lock file
npm error Missing: color-convert@1.9.3 from lock file
npm error Missing: color-name@1.1.3 from lock file
npm error Missing: has-flag@3.0.0 from lock file
npm error Missing: ms@2.1.3 from lock file
npm error Missing: semver@6.3.1 from lock file
npm error Missing: ms@2.1.3 from lock file
npm error Missing: p-try@2.2.0 from lock file
npm error
npm error Clean install a project
npm error
npm error Usage:
npm error npm ci
npm error
npm error Options:
npm error [--install-strategy <hoisted|nested|shallow|linked>] [--legacy-bundling]
npm error [--global-style] [--omit <dev|optional|peer> [--omit <dev|optional|peer> ...]]
npm error [--include <prod|dev|optional|peer> [--include <prod|dev|optional|peer> ...]]
npm error [--strict-peer-deps] [--foreground-scripts] [--ignore-scripts] [--no-audit]
npm error [--no-bin-links] [--no-fund] [--dry-run]
npm error [-w|--workspace <workspace-name> [-w|--workspace <workspace-name> ...]]
npm error [-ws|--workspaces] [--include-workspace-root] [--install-links]
npm error
npm error aliases: clean-install, ic, install-clean, isntall-clean
npm error
npm error Run "npm help ci" for more info

npm error A complete log of this run can be found in: /www-data-home/.npm/_logs/2024-10-13T17_45_32_383Z-debug-0.log. For more details see the logs at https://console.cloud.google.com/cloud-build/builds;region=us-central1/828ed52b-5c65-4fd0-9122-12bb566aaa9f?project=1003032067991.
[debug] [2024-10-13T17:46:14.901Z] Total Function Deployment time: 63057
[debug] [2024-10-13T17:46:14.901Z] 1 Functions Deployed
[debug] [2024-10-13T17:46:14.901Z] 1 Functions Errored
[debug] [2024-10-13T17:46:14.901Z] 0 Function Deployments Aborted
[debug] [2024-10-13T17:46:14.901Z] Average Function Deployment time: 63056
[info] 
[info] Functions deploy had errors with the following functions:
	api(us-central1)
[debug] [2024-10-13T17:46:15.623Z] Not printing URL for HTTPS function. Typically this means it didn't match a filter or we failed deployment
[info] i  functions: cleaning up build files... 
[debug] [2024-10-13T17:46:15.624Z] Checked if tokens are valid: true, expires at: 1728845069256
[debug] [2024-10-13T17:46:15.624Z] Checked if tokens are valid: true, expires at: 1728845069256
[debug] [2024-10-13T17:46:15.625Z] Checked if tokens are valid: true, expires at: 1728845069256
[debug] [2024-10-13T17:46:15.625Z] Checked if tokens are valid: true, expires at: 1728845069256
[debug] [2024-10-13T17:46:15.625Z] >>> [apiv2][query] DELETE https://artifactregistry.googleapis.com/v1beta2/projects/warehouse-management-jeevs/locations/us-central1/repositories/gcf-artifacts/packages/api [none]
[debug] [2024-10-13T17:46:15.627Z] >>> [apiv2][query] GET https://us.gcr.io/v2/warehouse-management-jeevs/gcf/us-central1/tags/list [none]
[debug] [2024-10-13T17:46:16.761Z] <<< [apiv2][status] GET https://us.gcr.io/v2/warehouse-management-jeevs/gcf/us-central1/tags/list 404
[debug] [2024-10-13T17:46:16.762Z] <<< [apiv2][body] GET https://us.gcr.io/v2/warehouse-management-jeevs/gcf/us-central1/tags/list {"errors":[{"code":"NAME_UNKNOWN","message":"Repository \"us.gcr.io\" not found"}]}
[debug] [2024-10-13T17:46:16.762Z] Failed docker command with error  HTTP Error: 404, Not Found {"name":"FirebaseError","children":[],"context":{"body":{"errors":[{"code":"NAME_UNKNOWN","message":"Repository \"us.gcr.io\" not found"}],"error":{"message":"Not Found"}},"response":{"statusCode":404}},"exit":1,"message":"HTTP Error: 404, Not Found","status":404}
[debug] [2024-10-13T17:46:16.767Z] Checked if tokens are valid: true, expires at: 1728845069256
[debug] [2024-10-13T17:46:16.767Z] Checked if tokens are valid: true, expires at: 1728845069256
[debug] [2024-10-13T17:46:16.767Z] >>> [apiv2][query] GET https://us.gcr.io/v2/warehouse-management-jeevs/gcf/us-central1/tags/list [none]
[debug] [2024-10-13T17:46:17.316Z] <<< [apiv2][status] GET https://us.gcr.io/v2/warehouse-management-jeevs/gcf/us-central1/tags/list 404
[debug] [2024-10-13T17:46:17.317Z] <<< [apiv2][body] GET https://us.gcr.io/v2/warehouse-management-jeevs/gcf/us-central1/tags/list {"errors":[{"code":"NAME_UNKNOWN","message":"Repository \"us.gcr.io\" not found"}]}
[debug] [2024-10-13T17:46:17.317Z] Failed docker command with error  HTTP Error: 404, Not Found {"name":"FirebaseError","children":[],"context":{"body":{"errors":[{"code":"NAME_UNKNOWN","message":"Repository \"us.gcr.io\" not found"}],"error":{"message":"Not Found"}},"response":{"statusCode":404}},"exit":1,"message":"HTTP Error: 404, Not Found","status":404}
[debug] [2024-10-13T17:46:17.420Z] Checked if tokens are valid: true, expires at: 1728845069256
[debug] [2024-10-13T17:46:17.421Z] Checked if tokens are valid: true, expires at: 1728845069256
[debug] [2024-10-13T17:46:17.421Z] >>> [apiv2][query] GET https://us.gcr.io/v2/warehouse-management-jeevs/gcf/us-central1/tags/list [none]
[debug] [2024-10-13T17:46:17.644Z] <<< [apiv2][status] DELETE https://artifactregistry.googleapis.com/v1beta2/projects/warehouse-management-jeevs/locations/us-central1/repositories/gcf-artifacts/packages/api 404
[debug] [2024-10-13T17:46:17.644Z] <<< [apiv2][body] DELETE https://artifactregistry.googleapis.com/v1beta2/projects/warehouse-management-jeevs/locations/us-central1/repositories/gcf-artifacts/packages/api {"error":{"code":404,"message":"Package \"projects/warehouse-management-jeevs/locations/us-central1/repositories/gcf-artifacts/packages/api\" was not found.","status":"NOT_FOUND"}}
[debug] [2024-10-13T17:46:17.962Z] <<< [apiv2][status] GET https://us.gcr.io/v2/warehouse-management-jeevs/gcf/us-central1/tags/list 404
[debug] [2024-10-13T17:46:17.962Z] <<< [apiv2][body] GET https://us.gcr.io/v2/warehouse-management-jeevs/gcf/us-central1/tags/list {"errors":[{"code":"NAME_UNKNOWN","message":"Repository \"us.gcr.io\" not found"}]}
[debug] [2024-10-13T17:46:17.962Z] Failed docker command with error  HTTP Error: 404, Not Found {"name":"FirebaseError","children":[],"context":{"body":{"errors":[{"code":"NAME_UNKNOWN","message":"Repository \"us.gcr.io\" not found"}],"error":{"message":"Not Found"}},"response":{"statusCode":404}},"exit":1,"message":"HTTP Error: 404, Not Found","status":404}
[warn] !  functions: Unhandled error cleaning up build images. This could result in a small monthly bill if not corrected. You can attempt to delete these images by redeploying or you can delete them manually at https://console.cloud.google.com/gcr/images/warehouse-management-jeevs/us/gcf 
[debug] [2024-10-13T17:46:17.964Z] Functions deploy failed.
[debug] [2024-10-13T17:46:17.964Z] {
  "endpoint": {
    "id": "api",
    "project": "warehouse-management-jeevs",
    "region": "us-central1",
    "entryPoint": "api",
    "platform": "gcfv2",
    "runtime": "nodejs18",
    "httpsTrigger": {},
    "labels": {
      "deployment-tool": "cli-firebase"
    },
    "ingressSettings": null,
    "availableMemoryMb": null,
    "serviceAccount": null,
    "timeoutSeconds": null,
    "maxInstances": null,
    "minInstances": null,
    "concurrency": 80,
    "vpc": null,
    "environmentVariables": {
      "FIREBASE_CONFIG": "{\"projectId\":\"warehouse-management-jeevs\",\"storageBucket\":\"warehouse-management-jeevs.appspot.com\"}",
      "GCLOUD_PROJECT": "warehouse-management-jeevs",
      "EVENTARC_CLOUD_EVENT_SOURCE": "projects/warehouse-management-jeevs/locations/us-central1/services/api"
    },
    "codebase": "default",
    "securityLevel": "SECURE_ALWAYS",
    "cpu": 1,
    "targetedByOnly": false,
    "hash": "7aec4dd1fa4314688ecabf930cf3de537214263a"
  },
  "op": "update",
  "original": {
    "name": "FirebaseError",
    "children": [],
    "exit": 1,
    "message": "Build failed with status: FAILURE and message: npm error code EUSAGE\nnpm error\nnpm error `npm ci` can only install packages when your package.json and package-lock.json or npm-shrinkwrap.json are in sync. Please update your lock file with `npm install` before continuing.\nnpm error\nnpm error Missing: jest@29.7.0 from lock file\nnpm error Missing: @jest/core@29.7.0 from lock file\nnpm error Missing: @jest/types@29.6.3 from lock file\nnpm error Missing: import-local@3.2.0 from lock file\nnpm error Missing: jest-cli@29.7.0 from lock file\nnpm error Missing: @jest/console@29.7.0 from lock file\nnpm error Missing: @jest/reporters@29.7.0 from lock file\nnpm error Missing: @jest/test-result@29.7.0 from lock file\nnpm error Missing: @jest/transform@29.7.0 from lock file\nnpm error Missing: ansi-escapes@4.3.2 from lock file\nnpm error Missing: chalk@4.1.2 from lock file\nnpm error Missing: ci-info@3.9.0 from lock file\nnpm error Missing: exit@0.1.2 from lock file\nnpm error Missing: graceful-fs@4.2.11 from lock file\nnpm error Missing: jest-changed-files@29.7.0 from lock file\nnpm error Missing: jest-config@29.7.0 from lock file\nnpm error Missing: jest-haste-map@29.7.0 from lock file\nnpm error Missing: jest-message-util@29.7.0 from lock file\nnpm error Missing: jest-regex-util@29.6.3 from lock file\nnpm error Missing: jest-resolve@29.7.0 from lock file\nnpm error Missing: jest-resolve-dependencies@29.7.0 from lock file\nnpm error Missing: jest-runner@29.7.0 from lock file\nnpm error Missing: jest-runtime@29.7.0 from lock file\nnpm error Missing: jest-snapshot@29.7.0 from lock file\nnpm error Missing: jest-util@29.7.0 from lock file\nnpm error Missing: jest-validate@29.7.0 from lock file\nnpm error Missing: jest-watcher@29.7.0 from lock file\nnpm error Missing: micromatch@4.0.8 from lock file\nnpm error Missing: pretty-format@29.7.0 from lock file\nnpm error Missing: slash@3.0.0 from lock file\nnpm error Missing: @bcoe/v8-coverage@0.2.3 from lock file\nnpm error Missing: @jridgewell/trace-mapping@0.3.25 from lock file\nnpm error Missing: collect-v8-coverage@1.0.2 from lock file\nnpm error Missing: glob@7.2.3 from lock file\nnpm error Missing: istanbul-lib-coverage@3.2.2 from lock file\nnpm error Missing: istanbul-lib-instrument@6.0.3 from lock file\nnpm error Missing: istanbul-lib-report@3.0.1 from lock file\nnpm error Missing: istanbul-lib-source-maps@4.0.1 from lock file\nnpm error Missing: istanbul-reports@3.1.7 from lock file\nnpm error Missing: jest-worker@29.7.0 from lock file\nnpm error Missing: string-length@4.0.2 from lock file\nnpm error Missing: v8-to-istanbul@9.3.0 from lock file\nnpm error Missing: @types/istanbul-lib-coverage@2.0.6 from lock file\nnpm error Missing: @babel/core@7.25.8 from lock file\nnpm error Missing: babel-plugin-istanbul@6.1.1 from lock file\nnpm error Missing: convert-source-map@2.0.0 from lock file\nnpm error Missing: fast-json-stable-stringify@2.1.0 from lock file\nnpm error Missing: pirates@4.0.6 from lock file\nnpm error Missing: write-file-atomic@4.0.2 from lock file\nnpm error Missing: @ampproject/remapping@2.3.0 from lock file\nnpm error Missing: @babel/code-frame@7.25.7 from lock file\nnpm error Missing: @babel/generator@7.25.7 from lock file\nnpm error Missing: @babel/helper-compilation-targets@7.25.7 from lock file\nnpm error Missing: @babel/helper-module-transforms@7.25.7 from lock file\nnpm error Missing: @babel/helpers@7.25.7 from lock file\nnpm error Missing: @babel/parser@7.25.8 from lock file\nnpm error Missing: @babel/template@7.25.7 from lock file\nnpm error Missing: @babel/traverse@7.25.7 from lock file\nnpm error Missing: @babel/types@7.25.8 from lock file\nnpm error Missing: debug@4.3.7 from lock file\nnpm error Missing: gensync@1.0.0-beta.2 from lock file\nnpm error Missing: json5@2.2.3 from lock file\nnpm error Missing: semver@6.3.1 from lock file\nnpm error Missing: @jridgewell/gen-mapping@0.3.5 from lock file\nnpm error Missing: @babel/highlight@7.25.7 from lock file\nnpm error Missing: picocolors@1.1.0 from lock file\nnpm error Missing: jsesc@3.0.2 from lock file\nnpm error Missing: @babel/compat-data@7.25.8 from lock file\nnpm error Missing: @babel/helper-validator-option@7.25.7 from lock file\nnpm error Missing: browserslist@4.24.0 from lock file\nnpm error Missing: lru-cache@5.1.1 from lock file\nnpm error Missing: semver@6.3.1 from lock file\nnpm error Missing: @babel/helper-module-imports@7.25.7 from lock file\nnpm error Missing: @babel/helper-simple-access@7.25.7 from lock file\nnpm error Missing: @babel/helper-validator-identifier@7.25.7 from lock file\nnpm error Missing: chalk@2.4.2 from lock file\nnpm error Missing: js-tokens@4.0.0 from lock file\nnpm error Missing: debug@4.3.7 from lock file\nnpm error Missing: globals@11.12.0 from lock file\nnpm error Missing: @babel/helper-string-parser@7.25.7 from lock file\nnpm error Missing: to-fast-properties@2.0.0 from lock file\nnpm error Missing: @jest/schemas@29.6.3 from lock file\nnpm error Missing: @types/istanbul-reports@3.0.4 from lock file\nnpm error Missing: @types/yargs@17.0.33 from lock file\nnpm error Missing: @sinclair/typebox@0.27.8 from lock file\nnpm error Missing: @jridgewell/set-array@1.2.1 from lock file\nnpm error Missing: @jridgewell/sourcemap-codec@1.5.0 from lock file\nnpm error Missing: @jridgewell/resolve-uri@3.1.2 from lock file\nnpm error Missing: @types/istanbul-lib-report@3.0.3 from lock file\nnpm error Missing: @types/yargs-parser@21.0.3 from lock file\nnpm error Missing: type-fest@0.21.3 from lock file\nnpm error Missing: @babel/helper-plugin-utils@7.25.7 from lock file\nnpm error Missing: @istanbuljs/load-nyc-config@1.1.0 from lock file\nnpm error Missing: @istanbuljs/schema@0.1.3 from lock file\nnpm error Missing: istanbul-lib-instrument@5.2.1 from lock file\nnpm error Missing: test-exclude@6.0.0 from lock file\nnpm error Missing: camelcase@5.3.1 from lock file\nnpm error Missing: find-up@4.1.0 from lock file\nnpm error Missing: get-package-type@0.1.0 from lock file\nnpm error Missing: js-yaml@3.14.1 from lock file\nnpm error Missing: resolve-from@5.0.0 from lock file\nnpm error Missing: caniuse-lite@1.0.30001668 from lock file\nnpm error Missing: electron-to-chromium@1.5.36 from lock file\nnpm error Missing: node-releases@2.0.18 from lock file\nnpm error Missing: update-browserslist-db@1.1.1 from lock file\nnpm error Missing: supports-color@7.2.0 from lock file\nnpm error Missing: locate-path@5.0.0 from lock file\nnpm error Missing: path-exists@4.0.0 from lock file\nnpm error Missing: fs.realpath@1.0.0 from lock file\nnpm error Missing: inflight@1.0.6 from lock file\nnpm error Missing: minimatch@3.1.2 from lock file\nnpm error Missing: path-is-absolute@1.0.1 from lock file\nnpm error Missing: pkg-dir@4.2.0 from lock file\nnpm error Missing: resolve-cwd@3.0.0 from lock file\nnpm error Missing: make-dir@4.0.0 from lock file\nnpm error Missing: debug@4.3.7 from lock file\nnpm error Missing: source-map@0.6.1 from lock file\nnpm error Missing: html-escaper@2.0.2 from lock file\nnpm error Missing: execa@5.1.1 from lock file\nnpm error Missing: cross-spawn@7.0.3 from lock file\nnpm error Missing: get-stream@6.0.1 from lock file\nnpm error Missing: human-signals@2.1.0 from lock file\nnpm error Missing: merge-stream@2.0.0 from lock file\nnpm error Missing: npm-run-path@4.0.1 from lock file\nnpm error Missing: onetime@5.1.2 from lock file\nnpm error Missing: signal-exit@3.0.7 from lock file\nnpm error Missing: strip-final-newline@2.0.0 from lock file\nnpm error Missing: path-key@3.1.1 from lock file\nnpm error Missing: shebang-command@2.0.0 from lock file\nnpm error Missing: which@2.0.2 from lock file\nnpm error Missing: create-jest@29.7.0 from lock file\nnpm error Missing: prompts@2.4.2 from lock file\nnpm error Missing: @jest/test-sequencer@29.7.0 from lock file\nnpm error Missing: babel-jest@29.7.0 from lock file\nnpm error Missing: deepmerge@4.3.1 from lock file\nnpm error Missing: jest-circus@29.7.0 from lock file\nnpm error Missing: jest-environment-node@29.7.0 from lock file\nnpm error Missing: jest-get-type@29.6.3 from lock file\nnpm error Missing: parse-json@5.2.0 from lock file\nnpm error Missing: strip-json-comments@3.1.1 from lock file\nnpm error Missing: @types/babel__core@7.20.5 from lock file\nnpm error Missing: babel-preset-jest@29.6.3 from lock file\nnpm error Missing: @types/babel__generator@7.6.8 from lock file\nnpm error Missing: @types/babel__template@7.4.4 from lock file\nnpm error Missing: @types/babel__traverse@7.20.6 from lock file\nnpm error Missing: babel-plugin-jest-hoist@29.6.3 from lock file\nnpm error Missing: babel-preset-current-node-syntax@1.1.0 from lock file\nnpm error Missing: @babel/plugin-syntax-async-generators@7.8.4 from lock file\nnpm error Missing: @babel/plugin-syntax-bigint@7.8.3 from lock file\nnpm error Missing: @babel/plugin-syntax-class-properties@7.12.13 from lock file\nnpm error Missing: @babel/plugin-syntax-class-static-block@7.14.5 from lock file\nnpm error Missing: @babel/plugin-syntax-import-attributes@7.25.7 from lock file\nnpm error Missing: @babel/plugin-syntax-import-meta@7.10.4 from lock file\nnpm error Missing: @babel/plugin-syntax-json-strings@7.8.3 from lock file\nnpm error Missing: @babel/plugin-syntax-logical-assignment-operators@7.10.4 from lock file\nnpm error Missing: @babel/plugin-syntax-nullish-coalescing-operator@7.8.3 from lock file\nnpm error Missing: @babel/plugin-syntax-numeric-separator@7.10.4 from lock file\nnpm error Missing: @babel/plugin-syntax-object-rest-spread@7.8.3 from lock file\nnpm error Missing: @babel/plugin-syntax-optional-catch-binding@7.8.3 from lock file\nnpm error Missing: @babel/plugin-syntax-optional-chaining@7.8.3 from lock file\nnpm error Missing: @babel/plugin-syntax-private-property-in-object@7.14.5 from lock file\nnpm error Missing: @babel/plugin-syntax-top-level-await@7.14.5 from lock file\nnpm error Missing: @jest/environment@29.7.0 from lock file\nnpm error Missing: @jest/expect@29.7.0 from lock file\nnpm error Missing: co@4.6.0 from lock file\nnpm error Missing: dedent@1.5.3 from lock file\nnpm error Missing: is-generator-fn@2.1.0 from lock file\nnpm error Missing: jest-each@29.7.0 from lock file\nnpm error Missing: jest-matcher-utils@29.7.0 from lock file\nnpm error Missing: pure-rand@6.1.0 from lock file\nnpm error Missing: stack-utils@2.0.6 from lock file\nnpm error Missing: @jest/fake-timers@29.7.0 from lock file\nnpm error Missing: jest-mock@29.7.0 from lock file\nnpm error Missing: expect@29.7.0 from lock file\nnpm error Missing: @sinonjs/fake-timers@10.3.0 from lock file\nnpm error Missing: @sinonjs/commons@3.0.1 from lock file\nnpm error Missing: type-detect@4.0.8 from lock file\nnpm error Missing: @jest/expect-utils@29.7.0 from lock file\nnpm error Missing: @types/graceful-fs@4.1.9 from lock file\nnpm error Missing: anymatch@3.1.3 from lock file\nnpm error Missing: fb-watchman@2.0.2 from lock file\nnpm error Missing: fsevents@2.3.3 from lock file\nnpm error Missing: walker@1.0.8 from lock file\nnpm error Missing: normalize-path@3.0.0 from lock file\nnpm error Missing: picomatch@2.3.1 from lock file\nnpm error Missing: bser@2.1.1 from lock file\nnpm error Missing: node-int64@0.4.0 from lock file\nnpm error Missing: jest-diff@29.7.0 from lock file\nnpm error Missing: diff-sequences@29.6.3 from lock file\nnpm error Missing: @types/stack-utils@2.0.3 from lock file\nnpm error Missing: jest-pnp-resolver@1.2.3 from lock file\nnpm error Missing: resolve@1.22.8 from lock file\nnpm error Missing: resolve.exports@2.0.2 from lock file\nnpm error Missing: emittery@0.13.1 from lock file\nnpm error Missing: jest-docblock@29.7.0 from lock file\nnpm error Missing: jest-leak-detector@29.7.0 from lock file\nnpm error Missing: source-map-support@0.5.13 from lock file\nnpm error Missing: detect-newline@3.1.0 from lock file\nnpm error Missing: @jest/globals@29.7.0 from lock file\nnpm error Missing: @jest/source-map@29.6.3 from lock file\nnpm error Missing: cjs-module-lexer@1.4.1 from lock file\nnpm error Missing: strip-bom@4.0.0 from lock file\nnpm error Missing: callsites@3.1.0 from lock file\nnpm error Missing: @babel/plugin-syntax-jsx@7.25.7 from lock file\nnpm error Missing: @babel/plugin-syntax-typescript@7.25.7 from lock file\nnpm error Missing: natural-compare@1.4.0 from lock file\nnpm error Missing: camelcase@6.3.0 from lock file\nnpm error Missing: leven@3.1.0 from lock file\nnpm error Missing: supports-color@8.1.1 from lock file\nnpm error Missing: argparse@1.0.10 from lock file\nnpm error Missing: esprima@4.0.1 from lock file\nnpm error Missing: sprintf-js@1.0.3 from lock file\nnpm error Missing: p-locate@4.1.0 from lock file\nnpm error Missing: braces@3.0.3 from lock file\nnpm error Missing: fill-range@7.1.1 from lock file\nnpm error Missing: to-regex-range@5.0.1 from lock file\nnpm error Missing: brace-expansion@1.1.11 from lock file\nnpm error Missing: balanced-match@1.0.2 from lock file\nnpm error Missing: concat-map@0.0.1 from lock file\nnpm error Missing: mimic-fn@2.1.0 from lock file\nnpm error Missing: p-limit@2.3.0 from lock file\nnpm error Missing: error-ex@1.3.2 from lock file\nnpm error Missing: json-parse-even-better-errors@2.3.1 from lock file\nnpm error Missing: lines-and-columns@1.2.4 from lock file\nnpm error Missing: is-arrayish@0.2.1 from lock file\nnpm error Missing: ansi-styles@5.2.0 from lock file\nnpm error Missing: react-is@18.3.1 from lock file\nnpm error Missing: kleur@3.0.3 from lock file\nnpm error Missing: sisteransi@1.0.5 from lock file\nnpm error Missing: is-core-module@2.15.1 from lock file\nnpm error Missing: path-parse@1.0.7 from lock file\nnpm error Missing: supports-preserve-symlinks-flag@1.0.0 from lock file\nnpm error Missing: shebang-regex@3.0.0 from lock file\nnpm error Missing: buffer-from@1.1.2 from lock file\nnpm error Missing: escape-string-regexp@2.0.0 from lock file\nnpm error Missing: char-regex@1.0.2 from lock file\nnpm error Missing: has-flag@4.0.0 from lock file\nnpm error Missing: is-number@7.0.0 from lock file\nnpm error Missing: makeerror@1.0.12 from lock file\nnpm error Missing: tmpl@1.0.5 from lock file\nnpm error Missing: isexe@2.0.0 from lock file\nnpm error Missing: imurmurhash@0.1.4 from lock file\nnpm error Missing: ms@2.1.3 from lock file\nnpm error Missing: yallist@3.1.1 from lock file\nnpm error Missing: ansi-styles@3.2.1 from lock file\nnpm error Missing: escape-string-regexp@1.0.5 from lock file\nnpm error Missing: supports-color@5.5.0 from lock file\nnpm error Missing: color-convert@1.9.3 from lock file\nnpm error Missing: color-name@1.1.3 from lock file\nnpm error Missing: has-flag@3.0.0 from lock file\nnpm error Missing: ms@2.1.3 from lock file\nnpm error Missing: semver@6.3.1 from lock file\nnpm error Missing: ms@2.1.3 from lock file\nnpm error Missing: p-try@2.2.0 from lock file\nnpm error\nnpm error Clean install a project\nnpm error\nnpm error Usage:\nnpm error npm ci\nnpm error\nnpm error Options:\nnpm error [--install-strategy <hoisted|nested|shallow|linked>] [--legacy-bundling]\nnpm error [--global-style] [--omit <dev|optional|peer> [--omit <dev|optional|peer> ...]]\nnpm error [--include <prod|dev|optional|peer> [--include <prod|dev|optional|peer> ...]]\nnpm error [--strict-peer-deps] [--foreground-scripts] [--ignore-scripts] [--no-audit]\nnpm error [--no-bin-links] [--no-fund] [--dry-run]\nnpm error [-w|--workspace <workspace-name> [-w|--workspace <workspace-name> ...]]\nnpm error [-ws|--workspaces] [--include-workspace-root] [--install-links]\nnpm error\nnpm error aliases: clean-install, ic, install-clean, isntall-clean\nnpm error\nnpm error Run \"npm help ci\" for more info\n\nnpm error A complete log of this run can be found in: /www-data-home/.npm/_logs/2024-10-13T17_45_32_383Z-debug-0.log. For more details see the logs at https://console.cloud.google.com/cloud-build/builds;region=us-central1/828ed52b-5c65-4fd0-9122-12bb566aaa9f?project=1003032067991.",
    "original": {
      "code": 3,
      "message": "Build failed with status: FAILURE and message: npm error code EUSAGE\nnpm error\nnpm error `npm ci` can only install packages when your package.json and package-lock.json or npm-shrinkwrap.json are in sync. Please update your lock file with `npm install` before continuing.\nnpm error\nnpm error Missing: jest@29.7.0 from lock file\nnpm error Missing: @jest/core@29.7.0 from lock file\nnpm error Missing: @jest/types@29.6.3 from lock file\nnpm error Missing: import-local@3.2.0 from lock file\nnpm error Missing: jest-cli@29.7.0 from lock file\nnpm error Missing: @jest/console@29.7.0 from lock file\nnpm error Missing: @jest/reporters@29.7.0 from lock file\nnpm error Missing: @jest/test-result@29.7.0 from lock file\nnpm error Missing: @jest/transform@29.7.0 from lock file\nnpm error Missing: ansi-escapes@4.3.2 from lock file\nnpm error Missing: chalk@4.1.2 from lock file\nnpm error Missing: ci-info@3.9.0 from lock file\nnpm error Missing: exit@0.1.2 from lock file\nnpm error Missing: graceful-fs@4.2.11 from lock file\nnpm error Missing: jest-changed-files@29.7.0 from lock file\nnpm error Missing: jest-config@29.7.0 from lock file\nnpm error Missing: jest-haste-map@29.7.0 from lock file\nnpm error Missing: jest-message-util@29.7.0 from lock file\nnpm error Missing: jest-regex-util@29.6.3 from lock file\nnpm error Missing: jest-resolve@29.7.0 from lock file\nnpm error Missing: jest-resolve-dependencies@29.7.0 from lock file\nnpm error Missing: jest-runner@29.7.0 from lock file\nnpm error Missing: jest-runtime@29.7.0 from lock file\nnpm error Missing: jest-snapshot@29.7.0 from lock file\nnpm error Missing: jest-util@29.7.0 from lock file\nnpm error Missing: jest-validate@29.7.0 from lock file\nnpm error Missing: jest-watcher@29.7.0 from lock file\nnpm error Missing: micromatch@4.0.8 from lock file\nnpm error Missing: pretty-format@29.7.0 from lock file\nnpm error Missing: slash@3.0.0 from lock file\nnpm error Missing: @bcoe/v8-coverage@0.2.3 from lock file\nnpm error Missing: @jridgewell/trace-mapping@0.3.25 from lock file\nnpm error Missing: collect-v8-coverage@1.0.2 from lock file\nnpm error Missing: glob@7.2.3 from lock file\nnpm error Missing: istanbul-lib-coverage@3.2.2 from lock file\nnpm error Missing: istanbul-lib-instrument@6.0.3 from lock file\nnpm error Missing: istanbul-lib-report@3.0.1 from lock file\nnpm error Missing: istanbul-lib-source-maps@4.0.1 from lock file\nnpm error Missing: istanbul-reports@3.1.7 from lock file\nnpm error Missing: jest-worker@29.7.0 from lock file\nnpm error Missing: string-length@4.0.2 from lock file\nnpm error Missing: v8-to-istanbul@9.3.0 from lock file\nnpm error Missing: @types/istanbul-lib-coverage@2.0.6 from lock file\nnpm error Missing: @babel/core@7.25.8 from lock file\nnpm error Missing: babel-plugin-istanbul@6.1.1 from lock file\nnpm error Missing: convert-source-map@2.0.0 from lock file\nnpm error Missing: fast-json-stable-stringify@2.1.0 from lock file\nnpm error Missing: pirates@4.0.6 from lock file\nnpm error Missing: write-file-atomic@4.0.2 from lock file\nnpm error Missing: @ampproject/remapping@2.3.0 from lock file\nnpm error Missing: @babel/code-frame@7.25.7 from lock file\nnpm error Missing: @babel/generator@7.25.7 from lock file\nnpm error Missing: @babel/helper-compilation-targets@7.25.7 from lock file\nnpm error Missing: @babel/helper-module-transforms@7.25.7 from lock file\nnpm error Missing: @babel/helpers@7.25.7 from lock file\nnpm error Missing: @babel/parser@7.25.8 from lock file\nnpm error Missing: @babel/template@7.25.7 from lock file\nnpm error Missing: @babel/traverse@7.25.7 from lock file\nnpm error Missing: @babel/types@7.25.8 from lock file\nnpm error Missing: debug@4.3.7 from lock file\nnpm error Missing: gensync@1.0.0-beta.2 from lock file\nnpm error Missing: json5@2.2.3 from lock file\nnpm error Missing: semver@6.3.1 from lock file\nnpm error Missing: @jridgewell/gen-mapping@0.3.5 from lock file\nnpm error Missing: @babel/highlight@7.25.7 from lock file\nnpm error Missing: picocolors@1.1.0 from lock file\nnpm error Missing: jsesc@3.0.2 from lock file\nnpm error Missing: @babel/compat-data@7.25.8 from lock file\nnpm error Missing: @babel/helper-validator-option@7.25.7 from lock file\nnpm error Missing: browserslist@4.24.0 from lock file\nnpm error Missing: lru-cache@5.1.1 from lock file\nnpm error Missing: semver@6.3.1 from lock file\nnpm error Missing: @babel/helper-module-imports@7.25.7 from lock file\nnpm error Missing: @babel/helper-simple-access@7.25.7 from lock file\nnpm error Missing: @babel/helper-validator-identifier@7.25.7 from lock file\nnpm error Missing: chalk@2.4.2 from lock file\nnpm error Missing: js-tokens@4.0.0 from lock file\nnpm error Missing: debug@4.3.7 from lock file\nnpm error Missing: globals@11.12.0 from lock file\nnpm error Missing: @babel/helper-string-parser@7.25.7 from lock file\nnpm error Missing: to-fast-properties@2.0.0 from lock file\nnpm error Missing: @jest/schemas@29.6.3 from lock file\nnpm error Missing: @types/istanbul-reports@3.0.4 from lock file\nnpm error Missing: @types/yargs@17.0.33 from lock file\nnpm error Missing: @sinclair/typebox@0.27.8 from lock file\nnpm error Missing: @jridgewell/set-array@1.2.1 from lock file\nnpm error Missing: @jridgewell/sourcemap-codec@1.5.0 from lock file\nnpm error Missing: @jridgewell/resolve-uri@3.1.2 from lock file\nnpm error Missing: @types/istanbul-lib-report@3.0.3 from lock file\nnpm error Missing: @types/yargs-parser@21.0.3 from lock file\nnpm error Missing: type-fest@0.21.3 from lock file\nnpm error Missing: @babel/helper-plugin-utils@7.25.7 from lock file\nnpm error Missing: @istanbuljs/load-nyc-config@1.1.0 from lock file\nnpm error Missing: @istanbuljs/schema@0.1.3 from lock file\nnpm error Missing: istanbul-lib-instrument@5.2.1 from lock file\nnpm error Missing: test-exclude@6.0.0 from lock file\nnpm error Missing: camelcase@5.3.1 from lock file\nnpm error Missing: find-up@4.1.0 from lock file\nnpm error Missing: get-package-type@0.1.0 from lock file\nnpm error Missing: js-yaml@3.14.1 from lock file\nnpm error Missing: resolve-from@5.0.0 from lock file\nnpm error Missing: caniuse-lite@1.0.30001668 from lock file\nnpm error Missing: electron-to-chromium@1.5.36 from lock file\nnpm error Missing: node-releases@2.0.18 from lock file\nnpm error Missing: update-browserslist-db@1.1.1 from lock file\nnpm error Missing: supports-color@7.2.0 from lock file\nnpm error Missing: locate-path@5.0.0 from lock file\nnpm error Missing: path-exists@4.0.0 from lock file\nnpm error Missing: fs.realpath@1.0.0 from lock file\nnpm error Missing: inflight@1.0.6 from lock file\nnpm error Missing: minimatch@3.1.2 from lock file\nnpm error Missing: path-is-absolute@1.0.1 from lock file\nnpm error Missing: pkg-dir@4.2.0 from lock file\nnpm error Missing: resolve-cwd@3.0.0 from lock file\nnpm error Missing: make-dir@4.0.0 from lock file\nnpm error Missing: debug@4.3.7 from lock file\nnpm error Missing: source-map@0.6.1 from lock file\nnpm error Missing: html-escaper@2.0.2 from lock file\nnpm error Missing: execa@5.1.1 from lock file\nnpm error Missing: cross-spawn@7.0.3 from lock file\nnpm error Missing: get-stream@6.0.1 from lock file\nnpm error Missing: human-signals@2.1.0 from lock file\nnpm error Missing: merge-stream@2.0.0 from lock file\nnpm error Missing: npm-run-path@4.0.1 from lock file\nnpm error Missing: onetime@5.1.2 from lock file\nnpm error Missing: signal-exit@3.0.7 from lock file\nnpm error Missing: strip-final-newline@2.0.0 from lock file\nnpm error Missing: path-key@3.1.1 from lock file\nnpm error Missing: shebang-command@2.0.0 from lock file\nnpm error Missing: which@2.0.2 from lock file\nnpm error Missing: create-jest@29.7.0 from lock file\nnpm error Missing: prompts@2.4.2 from lock file\nnpm error Missing: @jest/test-sequencer@29.7.0 from lock file\nnpm error Missing: babel-jest@29.7.0 from lock file\nnpm error Missing: deepmerge@4.3.1 from lock file\nnpm error Missing: jest-circus@29.7.0 from lock file\nnpm error Missing: jest-environment-node@29.7.0 from lock file\nnpm error Missing: jest-get-type@29.6.3 from lock file\nnpm error Missing: parse-json@5.2.0 from lock file\nnpm error Missing: strip-json-comments@3.1.1 from lock file\nnpm error Missing: @types/babel__core@7.20.5 from lock file\nnpm error Missing: babel-preset-jest@29.6.3 from lock file\nnpm error Missing: @types/babel__generator@7.6.8 from lock file\nnpm error Missing: @types/babel__template@7.4.4 from lock file\nnpm error Missing: @types/babel__traverse@7.20.6 from lock file\nnpm error Missing: babel-plugin-jest-hoist@29.6.3 from lock file\nnpm error Missing: babel-preset-current-node-syntax@1.1.0 from lock file\nnpm error Missing: @babel/plugin-syntax-async-generators@7.8.4 from lock file\nnpm error Missing: @babel/plugin-syntax-bigint@7.8.3 from lock file\nnpm error Missing: @babel/plugin-syntax-class-properties@7.12.13 from lock file\nnpm error Missing: @babel/plugin-syntax-class-static-block@7.14.5 from lock file\nnpm error Missing: @babel/plugin-syntax-import-attributes@7.25.7 from lock file\nnpm error Missing: @babel/plugin-syntax-import-meta@7.10.4 from lock file\nnpm error Missing: @babel/plugin-syntax-json-strings@7.8.3 from lock file\nnpm error Missing: @babel/plugin-syntax-logical-assignment-operators@7.10.4 from lock file\nnpm error Missing: @babel/plugin-syntax-nullish-coalescing-operator@7.8.3 from lock file\nnpm error Missing: @babel/plugin-syntax-numeric-separator@7.10.4 from lock file\nnpm error Missing: @babel/plugin-syntax-object-rest-spread@7.8.3 from lock file\nnpm error Missing: @babel/plugin-syntax-optional-catch-binding@7.8.3 from lock file\nnpm error Missing: @babel/plugin-syntax-optional-chaining@7.8.3 from lock file\nnpm error Missing: @babel/plugin-syntax-private-property-in-object@7.14.5 from lock file\nnpm error Missing: @babel/plugin-syntax-top-level-await@7.14.5 from lock file\nnpm error Missing: @jest/environment@29.7.0 from lock file\nnpm error Missing: @jest/expect@29.7.0 from lock file\nnpm error Missing: co@4.6.0 from lock file\nnpm error Missing: dedent@1.5.3 from lock file\nnpm error Missing: is-generator-fn@2.1.0 from lock file\nnpm error Missing: jest-each@29.7.0 from lock file\nnpm error Missing: jest-matcher-utils@29.7.0 from lock file\nnpm error Missing: pure-rand@6.1.0 from lock file\nnpm error Missing: stack-utils@2.0.6 from lock file\nnpm error Missing: @jest/fake-timers@29.7.0 from lock file\nnpm error Missing: jest-mock@29.7.0 from lock file\nnpm error Missing: expect@29.7.0 from lock file\nnpm error Missing: @sinonjs/fake-timers@10.3.0 from lock file\nnpm error Missing: @sinonjs/commons@3.0.1 from lock file\nnpm error Missing: type-detect@4.0.8 from lock file\nnpm error Missing: @jest/expect-utils@29.7.0 from lock file\nnpm error Missing: @types/graceful-fs@4.1.9 from lock file\nnpm error Missing: anymatch@3.1.3 from lock file\nnpm error Missing: fb-watchman@2.0.2 from lock file\nnpm error Missing: fsevents@2.3.3 from lock file\nnpm error Missing: walker@1.0.8 from lock file\nnpm error Missing: normalize-path@3.0.0 from lock file\nnpm error Missing: picomatch@2.3.1 from lock file\nnpm error Missing: bser@2.1.1 from lock file\nnpm error Missing: node-int64@0.4.0 from lock file\nnpm error Missing: jest-diff@29.7.0 from lock file\nnpm error Missing: diff-sequences@29.6.3 from lock file\nnpm error Missing: @types/stack-utils@2.0.3 from lock file\nnpm error Missing: jest-pnp-resolver@1.2.3 from lock file\nnpm error Missing: resolve@1.22.8 from lock file\nnpm error Missing: resolve.exports@2.0.2 from lock file\nnpm error Missing: emittery@0.13.1 from lock file\nnpm error Missing: jest-docblock@29.7.0 from lock file\nnpm error Missing: jest-leak-detector@29.7.0 from lock file\nnpm error Missing: source-map-support@0.5.13 from lock file\nnpm error Missing: detect-newline@3.1.0 from lock file\nnpm error Missing: @jest/globals@29.7.0 from lock file\nnpm error Missing: @jest/source-map@29.6.3 from lock file\nnpm error Missing: cjs-module-lexer@1.4.1 from lock file\nnpm error Missing: strip-bom@4.0.0 from lock file\nnpm error Missing: callsites@3.1.0 from lock file\nnpm error Missing: @babel/plugin-syntax-jsx@7.25.7 from lock file\nnpm error Missing: @babel/plugin-syntax-typescript@7.25.7 from lock file\nnpm error Missing: natural-compare@1.4.0 from lock file\nnpm error Missing: camelcase@6.3.0 from lock file\nnpm error Missing: leven@3.1.0 from lock file\nnpm error Missing: supports-color@8.1.1 from lock file\nnpm error Missing: argparse@1.0.10 from lock file\nnpm error Missing: esprima@4.0.1 from lock file\nnpm error Missing: sprintf-js@1.0.3 from lock file\nnpm error Missing: p-locate@4.1.0 from lock file\nnpm error Missing: braces@3.0.3 from lock file\nnpm error Missing: fill-range@7.1.1 from lock file\nnpm error Missing: to-regex-range@5.0.1 from lock file\nnpm error Missing: brace-expansion@1.1.11 from lock file\nnpm error Missing: balanced-match@1.0.2 from lock file\nnpm error Missing: concat-map@0.0.1 from lock file\nnpm error Missing: mimic-fn@2.1.0 from lock file\nnpm error Missing: p-limit@2.3.0 from lock file\nnpm error Missing: error-ex@1.3.2 from lock file\nnpm error Missing: json-parse-even-better-errors@2.3.1 from lock file\nnpm error Missing: lines-and-columns@1.2.4 from lock file\nnpm error Missing: is-arrayish@0.2.1 from lock file\nnpm error Missing: ansi-styles@5.2.0 from lock file\nnpm error Missing: react-is@18.3.1 from lock file\nnpm error Missing: kleur@3.0.3 from lock file\nnpm error Missing: sisteransi@1.0.5 from lock file\nnpm error Missing: is-core-module@2.15.1 from lock file\nnpm error Missing: path-parse@1.0.7 from lock file\nnpm error Missing: supports-preserve-symlinks-flag@1.0.0 from lock file\nnpm error Missing: shebang-regex@3.0.0 from lock file\nnpm error Missing: buffer-from@1.1.2 from lock file\nnpm error Missing: escape-string-regexp@2.0.0 from lock file\nnpm error Missing: char-regex@1.0.2 from lock file\nnpm error Missing: has-flag@4.0.0 from lock file\nnpm error Missing: is-number@7.0.0 from lock file\nnpm error Missing: makeerror@1.0.12 from lock file\nnpm error Missing: tmpl@1.0.5 from lock file\nnpm error Missing: isexe@2.0.0 from lock file\nnpm error Missing: imurmurhash@0.1.4 from lock file\nnpm error Missing: ms@2.1.3 from lock file\nnpm error Missing: yallist@3.1.1 from lock file\nnpm error Missing: ansi-styles@3.2.1 from lock file\nnpm error Missing: escape-string-regexp@1.0.5 from lock file\nnpm error Missing: supports-color@5.5.0 from lock file\nnpm error Missing: color-convert@1.9.3 from lock file\nnpm error Missing: color-name@1.1.3 from lock file\nnpm error Missing: has-flag@3.0.0 from lock file\nnpm error Missing: ms@2.1.3 from lock file\nnpm error Missing: semver@6.3.1 from lock file\nnpm error Missing: ms@2.1.3 from lock file\nnpm error Missing: p-try@2.2.0 from lock file\nnpm error\nnpm error Clean install a project\nnpm error\nnpm error Usage:\nnpm error npm ci\nnpm error\nnpm error Options:\nnpm error [--install-strategy <hoisted|nested|shallow|linked>] [--legacy-bundling]\nnpm error [--global-style] [--omit <dev|optional|peer> [--omit <dev|optional|peer> ...]]\nnpm error [--include <prod|dev|optional|peer> [--include <prod|dev|optional|peer> ...]]\nnpm error [--strict-peer-deps] [--foreground-scripts] [--ignore-scripts] [--no-audit]\nnpm error [--no-bin-links] [--no-fund] [--dry-run]\nnpm error [-w|--workspace <workspace-name> [-w|--workspace <workspace-name> ...]]\nnpm error [-ws|--workspaces] [--include-workspace-root] [--install-links]\nnpm error\nnpm error aliases: clean-install, ic, install-clean, isntall-clean\nnpm error\nnpm error Run \"npm help ci\" for more info\n\nnpm error A complete log of this run can be found in: /www-data-home/.npm/_logs/2024-10-13T17_45_32_383Z-debug-0.log. For more details see the logs at https://console.cloud.google.com/cloud-build/builds;region=us-central1/828ed52b-5c65-4fd0-9122-12bb566aaa9f?project=1003032067991."
    },
    "status": 3,
    "code": 3
  }
}
[debug] [2024-10-13T17:46:18.130Z] Error: Failed to update function api in region us-central1
    at C:\Users\Dell\AppData\Roaming\npm\node_modules\firebase-tools\lib\deploy\functions\release\fabricator.js:399:19
    at process.processTicksAndRejections (node:internal/process/task_queues:95:5)
    at async Fabricator.updateV2Function (C:\Users\Dell\AppData\Roaming\npm\node_modules\firebase-tools\lib\deploy\functions\release\fabricator.js:388:32)
    at async Fabricator.updateEndpoint (C:\Users\Dell\AppData\Roaming\npm\node_modules\firebase-tools\lib\deploy\functions\release\fabricator.js:155:13)
    at async handle (C:\Users\Dell\AppData\Roaming\npm\node_modules\firebase-tools\lib\deploy\functions\release\fabricator.js:89:17)
[error] 
[error] Error: There was an error deploying functions
